2025/04/29 09:19:11 readConfigFile
2025/04/29 09:19:11 {ServerRoot:http://localhost:2219 Port:2219 DBType:sqlite3 DBConfigString:./focalboard.db?_busy_timeout=5000 DBPingAttempts:5 DBTablePrefix: UseSSL:false SecureCookie:false WebPath:./webapp/pack FilesDriver:local FilesS3Config:{AccessKeyID: SecretAccessKey: Bucket: PathPrefix: Region: Endpoint: SSL:false SignV2:false SSE:false Trace:false Timeout:0} FilesPath:./files MaxFileSize:0 Telemetry:true TelemetryID: PrometheusAddress::9092 WebhookUpdate:[] Secret: SessionExpireTime:2592000 SessionRefreshTime:18000 LocalOnly:false EnableLocalMode:true LocalModeSocketLocation:/var/tmp/focalboard_local.socket EnablePublicSharedBoards:false FeatureFlags:map[] EnableDataRetention:false DataRetentionDays:0 TeammateNameDisplay:username ShowEmailAddress:false ShowFullName:false AuthMode:native LoggingCfgFile: LoggingCfgJSON: AuditCfgFile: AuditCfgJSON: NotifyFreqCardSeconds:0 NotifyFreqBoardSeconds:0}
[36minfo[0m  [2025-04-29 09:19:11.407 +05:30] Focalboard server                        [36mcaller[0m="model/version.go:62" [36mversion[0m=8.0.0 [36medition[0m=dev [36mbuild_number[0m=dev [36mbuild_date[0m=n/a [36mbuild_hash[0m=de5e5cc4141f14f69bf0e5666383997b81f851d6
[36minfo[0m  [2025-04-29 09:19:11.407 +05:30] connectDatabase                          [36mcaller[0m="sqlstore/sqlstore.go:41" [36mdbType[0m=sqlite3
[36minfo[0m  [2025-04-29 09:19:11.408 +05:30] Schema migration table is correct format [36mcaller[0m="sqlstore/schema_table_migration.go:26"
debug [2025-04-29 09:19:11.411 +05:30] Creating migration engine                caller="sqlstore/migrate.go:185"
debug [2025-04-29 09:19:11.411 +05:30] == Ensuring migrations applied up to version ==================== caller="sqlstore/migrate.go:257" version=14 current_version=40
debug [2025-04-29 09:19:11.411 +05:30] -- There is no need of applying any migration -------------------- caller="sqlstore/migrate.go:265"
debug [2025-04-29 09:19:11.411 +05:30] == Ensuring migrations applied up to version ==================== caller="sqlstore/migrate.go:257" version=18 current_version=40
debug [2025-04-29 09:19:11.411 +05:30] -- There is no need of applying any migration -------------------- caller="sqlstore/migrate.go:265"
debug [2025-04-29 09:19:11.412 +05:30] == Ensuring migrations applied up to version ==================== caller="sqlstore/migrate.go:257" version=20 current_version=40
debug [2025-04-29 09:19:11.412 +05:30] -- There is no need of applying any migration -------------------- caller="sqlstore/migrate.go:265"
debug [2025-04-29 09:19:11.412 +05:30] == Ensuring migrations applied up to version ==================== caller="sqlstore/migrate.go:257" version=35 current_version=40
debug [2025-04-29 09:19:11.412 +05:30] -- There is no need of applying any migration -------------------- caller="sqlstore/migrate.go:265"
debug [2025-04-29 09:19:11.412 +05:30] == Applying all remaining migrations ==================== caller="sqlstore/migrate.go:235" current_version=40
debug [2025-04-29 09:19:11.412 +05:30] Closing migration engine                 caller="sqlstore/migrate.go:191"
[36minfo[0m  [2025-04-29 09:19:11.413 +05:30] Initialized notification backend         [36mcaller[0m="notify/service.go:60" [36mname[0m=notifyLogger
debug [2025-04-29 09:19:11.414 +05:30] Fetched template boards                  caller="app/templates.go:30" count=13
debug [2025-04-29 09:19:11.414 +05:30] Template import not needed, skipping     caller="app/templates.go:34"
[36minfo[0m  [2025-04-29 09:19:11.417 +05:30] Server.Start                             [36mcaller[0m="server/server.go:243"
[36minfo[0m  [2025-04-29 09:19:11.417 +05:30] http server started                      [36mcaller[0m="web/webserver.go:126" [36mport[0m=2219
[36minfo[0m  [2025-04-29 09:19:11.418 +05:30] Starting unix socket server              [36mcaller[0m="server/server.go:403"
debug [2025-04-29 09:19:35.006 +05:30] attachSession                            caller="api/auth.go:331" single_user=false
debug [2025-04-29 09:19:35.007 +05:30] attachSession                            caller="api/auth.go:331" single_user=false
debug [2025-04-29 09:19:35.314 +05:30] attachSession                            caller="api/auth.go:331" single_user=false
debug [2025-04-29 09:19:35.314 +05:30] attachSession                            caller="api/auth.go:331" single_user=false
debug [2025-04-29 09:19:35.315 +05:30] attachSession                            caller="api/auth.go:331" single_user=false
debug [2025-04-29 09:19:35.315 +05:30] attachSession                            caller="api/auth.go:331" single_user=false
debug [2025-04-29 09:19:35.315 +05:30] attachSession                            caller="api/auth.go:331" single_user=false
debug [2025-04-29 09:19:35.345 +05:30] GetBoards                                caller="api/boards.go:79" teamID=0 boardsCount=0
debug [2025-04-29 09:19:35.348 +05:30] GetTemplates                             caller="api/templates.go:84" teamID=0 boardsCount=14
debug [2025-04-29 09:19:35.588 +05:30] Command: AUTH                            caller="ws/server.go:149" client="100.86.36.97:54115"
debug [2025-04-29 09:19:35.588 +05:30] authenticateListener                     caller="ws/server.go:436" token=knhcu3sk5xfy3jgxkau19bqcd5o wsSession.userID=
debug [2025-04-29 09:19:35.594 +05:30] attachSession                            caller="api/auth.go:331" single_user=false
debug [2025-04-29 09:19:35.597 +05:30] attachSession                            caller="api/auth.go:331" single_user=false
debug [2025-04-29 09:19:35.603 +05:30] authenticateListener: Authenticated      caller="ws/server.go:459" userID=uf8b5r33jn7gxxnekraqk1rntoo client="100.86.36.97:54115"
debug [2025-04-29 09:19:35.603 +05:30] Command: SUBSCRIBE_TEAM                  caller="ws/server.go:211" teamID=0 client="100.86.36.97:54115"
debug [2025-04-29 09:19:35.603 +05:30] Not single user mode                     caller="ws/server.go:226"
debug [2025-04-29 09:19:35.928 +05:30] attachSession                            caller="api/auth.go:331" single_user=false
debug [2025-04-29 09:19:35.928 +05:30] attachSession                            caller="api/auth.go:331" single_user=false
debug [2025-04-29 09:19:35.928 +05:30] attachSession                            caller="api/auth.go:331" single_user=false
debug [2025-04-29 09:19:35.928 +05:30] attachSession                            caller="api/auth.go:331" single_user=false
debug [2025-04-29 09:19:35.929 +05:30] attachSession                            caller="api/auth.go:331" single_user=false
debug [2025-04-29 09:19:35.930 +05:30] attachSession                            caller="api/auth.go:331" single_user=false
debug [2025-04-29 09:19:35.976 +05:30] GetBlocks                                caller="api/blocks.go:154" boardID=biikkkdwkhpgufegci7kca8cz5c parentID= blockType= blockID= block_count=35
debug [2025-04-29 09:19:36.235 +05:30] attachSession                            caller="api/auth.go:331" single_user=false
debug [2025-04-29 09:19:36.238 +05:30] attachSession                            caller="api/auth.go:331" single_user=false
debug [2025-04-29 09:19:36.238 +05:30] attachSession                            caller="api/auth.go:331" single_user=false
debug [2025-04-29 09:19:36.251 +05:30] GetBoards                                caller="api/boards.go:79" teamID=0 boardsCount=0
debug [2025-04-29 09:19:36.271 +05:30] GetTemplates                             caller="api/templates.go:84" teamID=0 boardsCount=14
debug [2025-04-29 09:20:23.066 +05:30] attachSession                            caller="api/auth.go:331" single_user=false
[31merror[0m [2025-04-29 09:20:23.066 +05:30] ERROR WebSocket                          [31mcaller[0m="ws/server.go:130" [31mclient[0m="100.86.36.97:54115" [31merror[0m="websocket: close 1001 (going away)"
debug [2025-04-29 09:20:23.066 +05:30] DISCONNECT WebSocket                     caller="ws/server.go:119" client="100.86.36.97:54115"
debug [2025-04-29 09:20:23.067 +05:30] attachSession                            caller="api/auth.go:331" single_user=false
debug [2025-04-29 09:20:23.077 +05:30] attachSession                            caller="api/auth.go:331" single_user=false
debug [2025-04-29 09:20:23.079 +05:30] attachSession                            caller="api/auth.go:331" single_user=false
debug [2025-04-29 09:20:23.080 +05:30] attachSession                            caller="api/auth.go:331" single_user=false
debug [2025-04-29 09:20:23.080 +05:30] attachSession                            caller="api/auth.go:331" single_user=false
debug [2025-04-29 09:20:23.123 +05:30] GetBoards                                caller="api/boards.go:79" teamID=0 boardsCount=0
debug [2025-04-29 09:20:23.340 +05:30] attachSession                            caller="api/auth.go:331" single_user=false
debug [2025-04-29 09:20:23.361 +05:30] GetTemplates                             caller="api/templates.go:84" teamID=0 boardsCount=14
debug [2025-04-29 09:20:23.409 +05:30] attachSession                            caller="api/auth.go:331" single_user=false
debug [2025-04-29 09:20:23.409 +05:30] attachSession                            caller="api/auth.go:331" single_user=false
debug [2025-04-29 09:20:23.647 +05:30] Command: AUTH                            caller="ws/server.go:149" client="100.86.36.97:54167"
debug [2025-04-29 09:20:23.647 +05:30] authenticateListener                     caller="ws/server.go:436" token=knhcu3sk5xfy3jgxkau19bqcd5o wsSession.userID=
debug [2025-04-29 09:20:23.662 +05:30] authenticateListener: Authenticated      caller="ws/server.go:459" userID=uf8b5r33jn7gxxnekraqk1rntoo client="100.86.36.97:54167"
debug [2025-04-29 09:20:23.662 +05:30] Command: SUBSCRIBE_TEAM                  caller="ws/server.go:211" teamID=0 client="100.86.36.97:54167"
debug [2025-04-29 09:20:23.662 +05:30] Not single user mode                     caller="ws/server.go:226"
debug [2025-04-29 09:20:23.681 +05:30] attachSession                            caller="api/auth.go:331" single_user=false
debug [2025-04-29 09:20:23.692 +05:30] attachSession                            caller="api/auth.go:331" single_user=false
debug [2025-04-29 09:20:23.694 +05:30] attachSession                            caller="api/auth.go:331" single_user=false
debug [2025-04-29 09:20:23.694 +05:30] attachSession                            caller="api/auth.go:331" single_user=false
debug [2025-04-29 09:20:23.698 +05:30] attachSession                            caller="api/auth.go:331" single_user=false
debug [2025-04-29 09:20:23.706 +05:30] GetTemplates                             caller="api/templates.go:84" teamID=0 boardsCount=14
[31merror[0m [2025-04-29 09:20:23.728 +05:30] {boards} not found                       [31mcaller[0m="api/api.go:178"
debug [2025-04-29 09:20:23.949 +05:30] attachSession                            caller="api/auth.go:331" single_user=false
debug [2025-04-29 09:20:23.949 +05:30] attachSession                            caller="api/auth.go:331" single_user=false
debug [2025-04-29 09:20:23.953 +05:30] attachSession                            caller="api/auth.go:331" single_user=false
debug [2025-04-29 09:20:23.965 +05:30] GetBoards                                caller="api/boards.go:79" teamID=0 boardsCount=0
debug [2025-04-29 09:20:23.998 +05:30] attachSession                            caller="api/auth.go:331" single_user=false
debug [2025-04-29 09:20:24.264 +05:30] attachSession                            caller="api/auth.go:331" single_user=false
debug [2025-04-29 09:20:24.264 +05:30] attachSession                            caller="api/auth.go:331" single_user=false
debug [2025-04-29 09:20:24.265 +05:30] attachSession                            caller="api/auth.go:331" single_user=false
[31merror[0m [2025-04-29 09:20:24.280 +05:30] {boards} not found                       [31mcaller[0m="api/api.go:178"
debug [2025-04-29 09:20:24.285 +05:30] GetBlocks                                caller="api/blocks.go:154" boardID=biikkkdwkhpgufegci7kca8cz5c parentID= blockType= blockID= block_count=35
[31merror[0m [2025-04-29 09:20:24.286 +05:30] access denied to board members           [31mcaller[0m="api/api.go:178"
debug [2025-04-29 09:20:24.570 +05:30] Command: UNSUBSCRIBE_TEAM                caller="ws/server.go:235" teamID=0 client="100.86.36.97:54167"
debug [2025-04-29 09:20:24.570 +05:30] attachSession                            caller="api/auth.go:331" single_user=false
[31merror[0m [2025-04-29 09:20:24.586 +05:30] User IDs are empty                       [31mcaller[0m="api/api.go:178"
[31merror[0m [2025-04-29 09:20:28.087 +05:30] ERROR WebSocket                          [31mcaller[0m="ws/server.go:130" [31mclient[0m="100.86.36.97:54167" [31merror[0m="websocket: close 1001 (going away)"
debug [2025-04-29 09:20:28.087 +05:30] DISCONNECT WebSocket                     caller="ws/server.go:119" client="100.86.36.97:54167"
debug [2025-04-29 09:20:28.089 +05:30] attachSession                            caller="api/auth.go:331" single_user=false
debug [2025-04-29 09:20:28.098 +05:30] attachSession                            caller="api/auth.go:331" single_user=false
debug [2025-04-29 09:20:28.099 +05:30] attachSession                            caller="api/auth.go:331" single_user=false
debug [2025-04-29 09:20:28.103 +05:30] attachSession                            caller="api/auth.go:331" single_user=false
debug [2025-04-29 09:20:28.105 +05:30] attachSession                            caller="api/auth.go:331" single_user=false
debug [2025-04-29 09:20:28.109 +05:30] attachSession                            caller="api/auth.go:331" single_user=false
debug [2025-04-29 09:20:28.110 +05:30] GetBoards                                caller="api/boards.go:79" teamID=0 boardsCount=0
debug [2025-04-29 09:20:28.374 +05:30] attachSession                            caller="api/auth.go:331" single_user=false
debug [2025-04-29 09:20:28.391 +05:30] GetTemplates                             caller="api/templates.go:84" teamID=0 boardsCount=14
debug [2025-04-29 09:20:28.399 +05:30] attachSession                            caller="api/auth.go:331" single_user=false
debug [2025-04-29 09:20:28.413 +05:30] attachSession                            caller="api/auth.go:331" single_user=false
debug [2025-04-29 09:20:28.664 +05:30] Command: AUTH                            caller="ws/server.go:149" client="100.86.36.97:54170"
debug [2025-04-29 09:20:28.664 +05:30] authenticateListener                     caller="ws/server.go:436" token=knhcu3sk5xfy3jgxkau19bqcd5o wsSession.userID=
debug [2025-04-29 09:20:28.680 +05:30] authenticateListener: Authenticated      caller="ws/server.go:459" userID=uf8b5r33jn7gxxnekraqk1rntoo client="100.86.36.97:54170"
debug [2025-04-29 09:20:28.680 +05:30] Command: SUBSCRIBE_TEAM                  caller="ws/server.go:211" teamID=0 client="100.86.36.97:54170"
debug [2025-04-29 09:20:28.680 +05:30] Not single user mode                     caller="ws/server.go:226"
debug [2025-04-29 09:20:28.719 +05:30] attachSession                            caller="api/auth.go:331" single_user=false
debug [2025-04-29 09:20:28.719 +05:30] attachSession                            caller="api/auth.go:331" single_user=false
debug [2025-04-29 09:20:28.719 +05:30] attachSession                            caller="api/auth.go:331" single_user=false
debug [2025-04-29 09:20:28.723 +05:30] attachSession                            caller="api/auth.go:331" single_user=false
debug [2025-04-29 09:20:28.728 +05:30] attachSession                            caller="api/auth.go:331" single_user=false
debug [2025-04-29 09:20:28.770 +05:30] GetTemplates                             caller="api/templates.go:84" teamID=0 boardsCount=14
debug [2025-04-29 09:20:28.966 +05:30] attachSession                            caller="api/auth.go:331" single_user=false
debug [2025-04-29 09:20:28.983 +05:30] GetBoards                                caller="api/boards.go:79" teamID=0 boardsCount=0
debug [2025-04-29 09:20:29.002 +05:30] attachSession                            caller="api/auth.go:331" single_user=false
debug [2025-04-29 09:20:29.050 +05:30] attachSession                            caller="api/auth.go:331" single_user=false
debug [2025-04-29 09:20:29.058 +05:30] attachSession                            caller="api/auth.go:331" single_user=false
debug [2025-04-29 09:20:29.065 +05:30] GetBlocks                                caller="api/blocks.go:154" boardID=biikkkdwkhpgufegci7kca8cz5c parentID= blockType= blockID= block_count=35
[31merror[0m [2025-04-29 09:21:27.473 +05:30] ERROR WebSocket                          [31mcaller[0m="ws/server.go:130" [31mclient[0m="100.86.36.97:54170" [31merror[0m="websocket: close 1001 (going away)"
debug [2025-04-29 09:21:27.473 +05:30] DISCONNECT WebSocket                     caller="ws/server.go:119" client="100.86.36.97:54170"
debug [2025-04-29 09:21:27.500 +05:30] attachSession                            caller="api/auth.go:331" single_user=false
debug [2025-04-29 09:21:27.500 +05:30] attachSession                            caller="api/auth.go:331" single_user=false
debug [2025-04-29 09:21:27.502 +05:30] attachSession                            caller="api/auth.go:331" single_user=false
debug [2025-04-29 09:21:27.509 +05:30] attachSession                            caller="api/auth.go:331" single_user=false
debug [2025-04-29 09:21:27.511 +05:30] attachSession                            caller="api/auth.go:331" single_user=false
debug [2025-04-29 09:21:27.520 +05:30] attachSession                            caller="api/auth.go:331" single_user=false
debug [2025-04-29 09:21:27.552 +05:30] GetBoards                                caller="api/boards.go:79" teamID=0 boardsCount=0
debug [2025-04-29 09:21:27.867 +05:30] attachSession                            caller="api/auth.go:331" single_user=false
debug [2025-04-29 09:21:27.870 +05:30] attachSession                            caller="api/auth.go:331" single_user=false
debug [2025-04-29 09:21:27.883 +05:30] attachSession                            caller="api/auth.go:331" single_user=false
debug [2025-04-29 09:21:27.884 +05:30] GetTemplates                             caller="api/templates.go:84" teamID=0 boardsCount=14
debug [2025-04-29 09:21:28.113 +05:30] Command: AUTH                            caller="ws/server.go:149" client="100.86.36.97:54204"
debug [2025-04-29 09:21:28.113 +05:30] authenticateListener                     caller="ws/server.go:436" token=knhcu3sk5xfy3jgxkau19bqcd5o wsSession.userID=
debug [2025-04-29 09:21:28.129 +05:30] authenticateListener: Authenticated      caller="ws/server.go:459" userID=uf8b5r33jn7gxxnekraqk1rntoo client="100.86.36.97:54204"
debug [2025-04-29 09:21:28.129 +05:30] Command: SUBSCRIBE_TEAM                  caller="ws/server.go:211" teamID=0 client="100.86.36.97:54204"
debug [2025-04-29 09:21:28.129 +05:30] Not single user mode                     caller="ws/server.go:226"
debug [2025-04-29 09:21:28.162 +05:30] attachSession                            caller="api/auth.go:331" single_user=false
debug [2025-04-29 09:21:28.166 +05:30] attachSession                            caller="api/auth.go:331" single_user=false
debug [2025-04-29 09:21:28.177 +05:30] attachSession                            caller="api/auth.go:331" single_user=false
debug [2025-04-29 09:21:28.179 +05:30] attachSession                            caller="api/auth.go:331" single_user=false
debug [2025-04-29 09:21:28.179 +05:30] attachSession                            caller="api/auth.go:331" single_user=false
debug [2025-04-29 09:21:28.196 +05:30] GetBoards                                caller="api/boards.go:79" teamID=0 boardsCount=0
debug [2025-04-29 09:21:28.460 +05:30] attachSession                            caller="api/auth.go:331" single_user=false
debug [2025-04-29 09:21:28.460 +05:30] attachSession                            caller="api/auth.go:331" single_user=false
debug [2025-04-29 09:21:28.460 +05:30] attachSession                            caller="api/auth.go:331" single_user=false
debug [2025-04-29 09:21:28.477 +05:30] GetTemplates                             caller="api/templates.go:84" teamID=0 boardsCount=14
[31merror[0m [2025-04-29 09:21:28.485 +05:30] {boards} not found                       [31mcaller[0m="api/api.go:178"
debug [2025-04-29 09:21:28.488 +05:30] attachSession                            caller="api/auth.go:331" single_user=false
debug [2025-04-29 09:21:28.759 +05:30] attachSession                            caller="api/auth.go:331" single_user=false
debug [2025-04-29 09:21:28.763 +05:30] attachSession                            caller="api/auth.go:331" single_user=false
debug [2025-04-29 09:21:28.769 +05:30] attachSession                            caller="api/auth.go:331" single_user=false
[31merror[0m [2025-04-29 09:21:28.775 +05:30] {boards} not found                       [31mcaller[0m="api/api.go:178"
debug [2025-04-29 09:21:28.785 +05:30] GetBlocks                                caller="api/blocks.go:154" boardID=biikkkdwkhpgufegci7kca8cz5c parentID= blockType= blockID= block_count=35
[31merror[0m [2025-04-29 09:21:28.802 +05:30] access denied to board members           [31mcaller[0m="api/api.go:178"
debug [2025-04-29 09:21:29.064 +05:30] Command: UNSUBSCRIBE_TEAM                caller="ws/server.go:235" teamID=0 client="100.86.36.97:54204"
debug [2025-04-29 09:21:29.065 +05:30] attachSession                            caller="api/auth.go:331" single_user=false
[31merror[0m [2025-04-29 09:21:29.080 +05:30] User IDs are empty                       [31mcaller[0m="api/api.go:178"
[31merror[0m [2025-04-29 09:21:32.309 +05:30] ERROR WebSocket                          [31mcaller[0m="ws/server.go:130" [31mclient[0m="100.86.36.97:54204" [31merror[0m="websocket: close 1001 (going away)"
debug [2025-04-29 09:21:32.309 +05:30] DISCONNECT WebSocket                     caller="ws/server.go:119" client="100.86.36.97:54204"
debug [2025-04-29 09:21:32.312 +05:30] attachSession                            caller="api/auth.go:331" single_user=false
debug [2025-04-29 09:21:32.320 +05:30] attachSession                            caller="api/auth.go:331" single_user=false
debug [2025-04-29 09:21:32.320 +05:30] attachSession                            caller="api/auth.go:331" single_user=false
debug [2025-04-29 09:21:32.327 +05:30] attachSession                            caller="api/auth.go:331" single_user=false
debug [2025-04-29 09:21:32.329 +05:30] attachSession                            caller="api/auth.go:331" single_user=false
debug [2025-04-29 09:21:32.331 +05:30] attachSession                            caller="api/auth.go:331" single_user=false
debug [2025-04-29 09:21:32.353 +05:30] GetBoards                                caller="api/boards.go:79" teamID=0 boardsCount=0
debug [2025-04-29 09:21:32.635 +05:30] attachSession                            caller="api/auth.go:331" single_user=false
debug [2025-04-29 09:21:32.635 +05:30] attachSession                            caller="api/auth.go:331" single_user=false
debug [2025-04-29 09:21:32.635 +05:30] attachSession                            caller="api/auth.go:331" single_user=false
debug [2025-04-29 09:21:32.652 +05:30] GetTemplates                             caller="api/templates.go:84" teamID=0 boardsCount=14
debug [2025-04-29 09:21:32.908 +05:30] Command: AUTH                            caller="ws/server.go:149" client="100.86.36.97:54207"
debug [2025-04-29 09:21:32.908 +05:30] authenticateListener                     caller="ws/server.go:436" token=knhcu3sk5xfy3jgxkau19bqcd5o wsSession.userID=
debug [2025-04-29 09:21:32.913 +05:30] authenticateListener: Authenticated      caller="ws/server.go:459" userID=uf8b5r33jn7gxxnekraqk1rntoo client="100.86.36.97:54207"
debug [2025-04-29 09:21:32.913 +05:30] Command: SUBSCRIBE_TEAM                  caller="ws/server.go:211" teamID=0 client="100.86.36.97:54207"
debug [2025-04-29 09:21:32.913 +05:30] Not single user mode                     caller="ws/server.go:226"
debug [2025-04-29 09:21:32.990 +05:30] attachSession                            caller="api/auth.go:331" single_user=false
debug [2025-04-29 09:21:32.993 +05:30] attachSession                            caller="api/auth.go:331" single_user=false
debug [2025-04-29 09:21:32.998 +05:30] attachSession                            caller="api/auth.go:331" single_user=false
debug [2025-04-29 09:21:33.004 +05:30] attachSession                            caller="api/auth.go:331" single_user=false
debug [2025-04-29 09:21:33.007 +05:30] attachSession                            caller="api/auth.go:331" single_user=false
debug [2025-04-29 09:21:33.015 +05:30] GetTemplates                             caller="api/templates.go:84" teamID=0 boardsCount=14
debug [2025-04-29 09:21:33.224 +05:30] attachSession                            caller="api/auth.go:331" single_user=false
debug [2025-04-29 09:21:33.228 +05:30] GetBoards                                caller="api/boards.go:79" teamID=0 boardsCount=0
debug [2025-04-29 09:21:33.264 +05:30] attachSession                            caller="api/auth.go:331" single_user=false
debug [2025-04-29 09:21:33.271 +05:30] attachSession                            caller="api/auth.go:331" single_user=false
debug [2025-04-29 09:21:33.312 +05:30] attachSession                            caller="api/auth.go:331" single_user=false
debug [2025-04-29 09:21:33.317 +05:30] GetBlocks                                caller="api/blocks.go:154" boardID=biikkkdwkhpgufegci7kca8cz5c parentID= blockType= blockID= block_count=35
debug [2025-04-29 09:34:11.470 +05:30] Block metrics collected                  caller="server/server.go:275" block_counts=checkbox=126,divider=11,image=16,text=104,view=39,card=78
debug [2025-04-29 09:34:11.471 +05:30] Board metrics collected                  caller="server/server.go:284" board_count=0
debug [2025-04-29 09:34:11.471 +05:30] Team metrics collected                   caller="server/server.go:291" team_count=1
debug [2025-04-29 09:49:11.418 +05:30] Block metrics collected                  caller="server/server.go:275" block_counts=card=78,checkbox=126,divider=11,image=16,text=104,view=39
debug [2025-04-29 09:49:11.420 +05:30] Board metrics collected                  caller="server/server.go:284" board_count=0
debug [2025-04-29 09:49:11.420 +05:30] Team metrics collected                   caller="server/server.go:291" team_count=1
debug [2025-04-29 10:04:11.418 +05:30] Block metrics collected                  caller="server/server.go:275" block_counts=divider=11,image=16,text=104,view=39,card=78,checkbox=126
debug [2025-04-29 10:04:11.419 +05:30] Board metrics collected                  caller="server/server.go:284" board_count=0
debug [2025-04-29 10:04:11.419 +05:30] Team metrics collected                   caller="server/server.go:291" team_count=1
debug [2025-04-29 10:19:11.518 +05:30] Block metrics collected                  caller="server/server.go:275" block_counts=card=78,checkbox=126,divider=11,image=16,text=104,view=39
debug [2025-04-29 10:19:11.520 +05:30] Board metrics collected                  caller="server/server.go:284" board_count=0
debug [2025-04-29 10:19:11.520 +05:30] Team metrics collected                   caller="server/server.go:291" team_count=1
debug [2025-04-29 10:34:11.514 +05:30] Block metrics collected                  caller="server/server.go:275" block_counts=card=78,checkbox=126,divider=11,image=16,text=104,view=39
debug [2025-04-29 10:34:11.517 +05:30] Board metrics collected                  caller="server/server.go:284" board_count=0
debug [2025-04-29 10:34:11.517 +05:30] Team metrics collected                   caller="server/server.go:291" team_count=1
/home/divansh/focalboard/start.sh: line 2: 1157081 Killed                  bin/focalboard-server
