
   INFO  Server running on [http://100.94.150.11:3883].  

  Press Ctrl+C to stop the server

  2025-05-02 23:20:09 ................................................... ~ 0s
  2025-05-02 23:20:32 ................................................... ~ 1s

   INFO  Environment modified. Restarting server...  

   INFO  Server running on [http://100.94.150.11:3883].  

  Press Ctrl+C to stop the server

  2025-05-02 23:20:54 ................................................... ~ 1s
  2025-05-02 23:20:55 /build/assets/userStore-CkW9hTsr.css .............. ~ 0s
  2025-05-02 23:20:55 /build/assets/Btn-2hiIT76k.js ..................... ~ 0s
  2025-05-02 23:20:55 /build/assets/index-BxZF-i-k.js ................... ~ 0s
  2025-05-02 23:20:55 /build/assets/app-C6XWISUx.css .................... ~ 0s
  2025-05-02 23:20:55 /build/assets/app-C6PA9St1.js ..................... ~ 0s
  2025-05-02 23:20:55 /build/assets/common-Qp7bRr50.js .................. ~ 0s
  2025-05-02 23:20:55 /build/assets/index-BBRRzm9T.js ................... ~ 0s
  2025-05-02 23:20:55 /build/assets/userStore-DI58VgZ6.js ............... ~ 0s
  2025-05-02 23:20:55 /build/assets/SoundBars-BQEuboqd.js ............... ~ 0s
  2025-05-02 23:20:55 /build/assets/LoginForm-Bpp0Ro1p.js ............... ~ 0s
  2025-05-02 23:20:55 /build/assets/LoginForm-CwYSypqF.css .............. ~ 0s
  2025-05-02 23:20:55 /build/assets/logo-DCyVV1bg.js .................... ~ 0s
  2025-05-02 23:20:55 /build/assets/PasswordField.vue_vue_type_script_setup_true_lang-Bm6xCQKi.js  ~ 0s
  2025-05-02 23:20:55 /build/assets/FormRow.vue_vue_type_script_setup_true_lang-jRw1p4cD.js  ~ 0s
  2025-05-02 23:20:55 /build/assets/TextInput.vue_vue_type_script_setup_true_lang-Cn7Fe5WG.js  ~ 0s
  2025-05-02 23:20:55 /build/assets/google-KJUKpri4.js .................. ~ 0s
  2025-05-02 23:20:55 /img/icon.png ..................................... ~ 0s
  2025-05-02 23:20:55 /build/assets/logo-DALkdNKy.svg ................... ~ 0s
  2025-05-02 23:20:55 /img/favicon.ico .................................. ~ 0s
  2025-05-02 23:20:58 ................................................... ~ 0s
  2025-05-02 23:20:58 ................................................... ~ 0s
  2025-05-02 23:20:58 /build/assets/HotkeyListener-D57tiidL.js .......... ~ 0s
  2025-05-02 23:20:58 /build/assets/usePlaylistManagement-BYa-nJNx.js ... ~ 0s
  2025-05-02 23:20:58 /build/assets/downloadService-C6bGKWwx.js ......... ~ 0s
  2025-05-02 23:20:58 /build/assets/index-BLykBCM5.js ................... ~ 0s
  2025-05-02 23:20:58 /build/assets/index-CntmbcP7.css .................. ~ 0s
  2025-05-02 23:20:58 /build/assets/SupportKoel-B8o4p67c.css ............ ~ 0s
  2025-05-02 23:20:58 /build/assets/DropZone-BaTbPh3E.css ............... ~ 0s
  2025-05-02 23:20:58 /build/assets/SupportKoel-C4F_pd03.js ............. ~ 0s
  2025-05-02 23:20:58 /build/assets/PlayableContextMenu-Bp3VUEIq.js ..... ~ 0s
  2025-05-02 23:20:58 /build/assets/index-B5iXzyce.js ................... ~ 0s
  2025-05-02 23:20:58 /build/assets/useContextMenu-DHDXOUm6.js .......... ~ 0s
  2025-05-02 23:20:58 /build/assets/AlbumContextMenu-C18nYWXx.js ........ ~ 0s
  2025-05-02 23:20:58 /build/assets/ArtistContextMenu-B4yYKnpo.js ....... ~ 0s
  2025-05-02 23:20:58 /build/assets/PlaylistContextMenu-BmySgIZF.js ..... ~ 0s
  2025-05-02 23:20:58 /build/assets/PlaylistFolderContextMenu-BADF25sH.js  ~ 0s
  2025-05-02 23:20:58 /build/assets/CreatePlaylistContextMenu-3_O_FRX9.js  ~ 0s
  2025-05-02 23:20:58 /build/assets/DropZone-DFdhAqw_.js ................ ~ 0s
  2025-05-02 23:20:58 /build/assets/bg-pines-QA409wW1.jpg ............... ~ 0s
  2025-05-02 23:20:58 /img/covers/f8430ce40c8b3da4972be9ff9595e8d37f4f4b04.webp  ~ 0s
  2025-05-02 23:20:58 /build/assets/AlbumArtOverlay-DiDZaPF7.js ......... ~ 0s
  2025-05-02 23:20:58 /build/assets/SongListFilter-BygjLzmd.js .......... ~ 0s
  2025-05-02 23:20:58 /build/assets/app-C6XWISUx.css .................... ~ 0s
  2025-05-02 23:20:58 /build/assets/YouTubeScreen-BJKp6R3x.css .......... ~ 0s
  2025-05-02 23:20:58 /build/assets/LyricsPane-CO7GfBl3.css ............. ~ 0s
  2025-05-02 23:20:58 /build/assets/GenreScreen-C0rScVC_.js ............. ~ 0s
  2025-05-02 23:20:58 /build/assets/ScreenHeaderSkeleton-BPPtSZSV.js .... ~ 0s
  2025-05-02 23:20:58 /build/assets/ModalWrapper-Dt0yCcro.css ........... ~ 0s
  2025-05-02 23:20:58 /build/assets/YouTubeScreen-CH4O49Ez.js ........... ~ 0s
  2025-05-02 23:20:58 /build/assets/ExtraDrawerTabHeader-0NlckgHD.js .... ~ 0s
  2025-05-02 23:20:58 /build/assets/LyricsPane-D_8fqJ9t.js .............. ~ 0s
  2025-05-02 23:20:58 /build/assets/YouTubeVideoList-CEhLz4JF.js ........ ~ 0s
  2025-05-02 23:20:58 /build/assets/ModalWrapper-BaLW0QxY.js ............ ~ 0s
  2025-05-02 23:20:58 ................................................... ~ 0s
  2025-05-02 23:20:58 ................................................... ~ 0s
  2025-05-02 23:20:58 ................................................... ~ 0s
  2025-05-02 23:20:58 ................................................... ~ 0s
  2025-05-02 23:20:58 /build/assets/Magnifier-CowEqWvq.css .............. ~ 0s
  2025-05-02 23:20:58 /build/assets/Magnifier-BwUtvg67.js ............... ~ 0s
  2025-05-02 23:20:58 /build/assets/default-CxrI6z8D.svg ................ ~ 0s
  2025-05-02 23:20:58 /build/assets/ArtistInfo-CCtItjzZ.js .............. ~ 0s
  2025-05-02 23:20:58 /build/assets/ExpandableContentBlock.vue_vue_type_script_setup_true_lang-DjEn_-8g.js  ~ 0s
  2025-05-02 23:20:58 ................................................... ~ 0s
  2025-05-02 23:20:58 /build/assets/YouTubeVideoItem-DoIGgmTI.css ....... ~ 0s
  2025-05-02 23:20:58 /img/covers/f8430ce40c8b3da4972be9ff9595e8d37f4f4b04_thumb.webp  ~ 0s
  2025-05-02 23:20:58 /img/covers/6fcdbe8c23b511ef28534d4a698bacf35ec5ae07.webp  ~ 0s
  2025-05-02 23:20:58 /img/covers/55641a76aa88dfb5cec37b6683c91c8c6e94159d.webp  ~ 1s
  2025-05-02 23:20:58 /img/covers/233c04e8942e4ce6761578be0b2ef47b56e70bb7.webp  ~ 1s
  2025-05-02 23:20:59 /img/covers/22e09cfe9eaaffaee91ccc697399955b6cdaf5bd.webp  ~ 0s
  2025-05-02 23:20:59 /img/covers/b19fa4b385808f7b86e1964b3d8efa11d8c18768.webp  ~ 0s
  2025-05-02 23:20:59 /img/covers/3a057c2a2f62f22ed2c096ff9ddbd965da6b583b.webp  ~ 0s
  2025-05-02 23:20:59 /img/covers/73e458969335269340eb253d50e5aa5026bfaf2b.webp  ~ 0s
  2025-05-02 23:20:59 /img/covers/634104b6cd615071f1fabb571899bb078ccaeb77.webp  ~ 0s
  2025-05-02 23:20:59 /img/covers/c635743fe899220a36d03202d8dd7e1e0c424ae5.webp  ~ 0s
  2025-05-02 23:20:59 ................................................... ~ 0s
  2025-05-02 23:20:59 /build/assets/YouTubeVideoItem-CqeC3Ogv.js ........ ~ 0s
  2025-05-02 23:20:59 /build/assets/AlbumInfo-B1E33D0c.js ............... ~ 0s
  2025-05-02 23:20:59 ................................................... ~ 0s
  2025-05-02 23:21:05 ................................................... ~ 0s
  2025-05-02 23:21:05 /img/icon.png ..................................... ~ 0s
  2025-05-02 23:21:06 ................................................... ~ 0s
  2025-05-02 23:21:06 /img/icon.png ..................................... ~ 0s
  2025-05-02 23:21:07 /build/assets/SettingsScreen-CuH09Ob-.js .......... ~ 0s
  2025-05-02 23:21:07 /img/icon.png ..................................... ~ 0s
  2025-05-02 23:21:09 /img/icon.png ..................................... ~ 0s
  2025-05-02 23:21:09 /img/icon.png ..................................... ~ 0s
  2025-05-02 23:21:10 /img/icon.png ..................................... ~ 0s
  2025-05-02 23:21:12 /build/assets/UserListScreen-BTkzwLMY.css ......... ~ 0s
  2025-05-02 23:21:12 /build/assets/UserListScreen-CjKqAeuS.js .......... ~ 0s
  2025-05-02 23:21:12 /build/assets/invitationService-DTH8jUK0.js ....... ~ 0s
  2025-05-02 23:21:12 /img/icon.png ..................................... ~ 0s
  2025-05-02 23:21:12 ................................................... ~ 0s
  2025-05-02 23:21:17 ................................................... ~ 0s
  2025-05-02 23:21:17 /img/icon.png ..................................... ~ 0s
  2025-05-02 23:21:17 /img/covers/72754e899ac8fdcfcffbfb7e3c3429a0fe55169b.webp  ~ 0s
  2025-05-02 23:21:17 /img/covers/99c75cb8f0533031162c44c8c8d6c3d87df4dc59.webp  ~ 0s
  2025-05-02 23:21:17 /img/covers/8f1618c0317e6daf58088c75872a771b88987434.webp  ~ 0s
  2025-05-02 23:21:17 /img/covers/fe26ee9a2b9b9336b9d6877a1e66bac47c3f80de.webp  ~ 0s
  2025-05-02 23:21:17 /img/covers/2328aca94162474a8e8f76e3df0e44e76bfa2b1e.webp  ~ 0s
  2025-05-02 23:21:17 /img/covers/d10ea08ec2f7af7e1f1755ea069c255dda16960f.webp  ~ 0s
  2025-05-02 23:21:17 /img/covers/b46892a286c45412ea034c6e30e29e359def4ba8.webp  ~ 0s
  2025-05-02 23:21:17 /img/covers/de763c5ca8b706d457d6f62c9819d0561764b9ee.webp  ~ 0s
  2025-05-02 23:21:17 /img/covers/616766f40fac088a4a7696312df8db5bd12e2a06.webp  ~ 0s

   INFO  Server running on [http://100.94.150.11:3883].  

  Press Ctrl+C to stop the server

  2025-05-09 16:33:04 ................................................... ~ 1s
  2025-05-09 16:33:05 /build/assets/userStore-CkW9hTsr.css .............. ~ 0s
  2025-05-09 16:33:05 /build/assets/Btn-2hiIT76k.js ..................... ~ 0s
  2025-05-09 16:33:05 /build/assets/index-BxZF-i-k.js ................... ~ 0s
  2025-05-09 16:33:05 /build/assets/app-C6XWISUx.css .................... ~ 0s
  2025-05-09 16:33:05 /build/assets/app-C6PA9St1.js ..................... ~ 0s
  2025-05-09 16:33:05 /build/assets/common-Qp7bRr50.js .................. ~ 0s
  2025-05-09 16:33:05 /build/assets/index-BBRRzm9T.js ................... ~ 0s
  2025-05-09 16:33:05 /build/assets/userStore-DI58VgZ6.js ............... ~ 0s
  2025-05-09 16:33:05 /build/assets/SoundBars-BQEuboqd.js ............... ~ 0s
  2025-05-09 16:33:05 ................................................... ~ 0s
  2025-05-09 16:33:05 /img/icon.png ..................................... ~ 0s
  2025-05-09 16:33:05 /build/assets/SupportKoel-B8o4p67c.css ............ ~ 0s
  2025-05-09 16:33:05 /build/assets/DropZone-BaTbPh3E.css ............... ~ 0s
  2025-05-09 16:33:05 /build/assets/HotkeyListener-D57tiidL.js .......... ~ 0s
  2025-05-09 16:33:05 /build/assets/usePlaylistManagement-BYa-nJNx.js ... ~ 0s
  2025-05-09 16:33:05 /build/assets/index-CntmbcP7.css .................. ~ 0s
  2025-05-09 16:33:05 /build/assets/TextInput.vue_vue_type_script_setup_true_lang-Cn7Fe5WG.js  ~ 0s
  2025-05-09 16:33:05 /build/assets/downloadService-C6bGKWwx.js ......... ~ 0s
  2025-05-09 16:33:05 /build/assets/index-B5iXzyce.js ................... ~ 0s
  2025-05-09 16:33:05 /build/assets/index-BLykBCM5.js ................... ~ 0s
  2025-05-09 16:33:05 /build/assets/SupportKoel-C4F_pd03.js ............. ~ 0s
  2025-05-09 16:33:05 /build/assets/PlayableContextMenu-Bp3VUEIq.js ..... ~ 0s
  2025-05-09 16:33:05 /build/assets/useContextMenu-DHDXOUm6.js .......... ~ 0s
  2025-05-09 16:33:05 /build/assets/AlbumContextMenu-C18nYWXx.js ........ ~ 0s
  2025-05-09 16:33:05 /build/assets/ArtistContextMenu-B4yYKnpo.js ....... ~ 0s
  2025-05-09 16:33:05 /build/assets/PlaylistContextMenu-BmySgIZF.js ..... ~ 0s
  2025-05-09 16:33:05 /build/assets/PlaylistFolderContextMenu-BADF25sH.js  ~ 0s
  2025-05-09 16:33:05 /build/assets/CreatePlaylistContextMenu-3_O_FRX9.js  ~ 0s
  2025-05-09 16:33:05 /build/assets/DropZone-DFdhAqw_.js ................ ~ 0s
  2025-05-09 16:33:05 /build/assets/bg-pines-QA409wW1.jpg ............... ~ 0s
  2025-05-09 16:33:05 /img/covers/f8430ce40c8b3da4972be9ff9595e8d37f4f4b04.webp  ~ 0s
  2025-05-09 16:33:06 /img/icon.png ..................................... ~ 0s
  2025-05-09 16:33:06 /build/assets/AlbumArtOverlay-DiDZaPF7.js ......... ~ 0s
  2025-05-09 16:33:06 /build/assets/SongListFilter-BygjLzmd.js .......... ~ 0s
  2025-05-09 16:33:06 /build/assets/app-C6XWISUx.css .................... ~ 0s
  2025-05-09 16:33:06 /build/assets/YouTubeScreen-BJKp6R3x.css .......... ~ 0s
  2025-05-09 16:33:06 /build/assets/GenreScreen-C0rScVC_.js ............. ~ 0s
  2025-05-09 16:33:06 /build/assets/ScreenHeaderSkeleton-BPPtSZSV.js .... ~ 0s
  2025-05-09 16:33:06 /build/assets/YouTubeScreen-CH4O49Ez.js ........... ~ 0s
  2025-05-09 16:33:06 /build/assets/ExtraDrawerTabHeader-0NlckgHD.js .... ~ 0s
  2025-05-09 16:33:06 /build/assets/LyricsPane-CO7GfBl3.css ............. ~ 0s
  2025-05-09 16:33:06 /build/assets/ModalWrapper-Dt0yCcro.css ........... ~ 0s
  2025-05-09 16:33:06 /build/assets/LyricsPane-D_8fqJ9t.js .............. ~ 0s
  2025-05-09 16:33:06 /build/assets/YouTubeVideoList-CEhLz4JF.js ........ ~ 0s
  2025-05-09 16:33:06 /build/assets/ModalWrapper-BaLW0QxY.js ............ ~ 0s
  2025-05-09 16:33:06 ................................................... ~ 0s
  2025-05-09 16:33:06 ................................................... ~ 0s
  2025-05-09 16:33:06 ................................................... ~ 0s
  2025-05-09 16:33:06 ................................................... ~ 0s
  2025-05-09 16:33:06 /build/assets/Magnifier-CowEqWvq.css .............. ~ 0s
  2025-05-09 16:33:06 /build/assets/Magnifier-BwUtvg67.js ............... ~ 0s
  2025-05-09 16:33:06 /build/assets/default-CxrI6z8D.svg ................ ~ 0s
  2025-05-09 16:33:06 /build/assets/ArtistInfo-CCtItjzZ.js .............. ~ 0s
  2025-05-09 16:33:06 /build/assets/ExpandableContentBlock.vue_vue_type_script_setup_true_lang-DjEn_-8g.js  ~ 0s
  2025-05-09 16:33:06 /build/assets/YouTubeVideoItem-DoIGgmTI.css ....... ~ 0s
  2025-05-09 16:33:06 ................................................... ~ 0s
  2025-05-09 16:33:06 /build/assets/YouTubeVideoItem-CqeC3Ogv.js ........ ~ 0s
  2025-05-09 16:33:06 ................................................... ~ 0s
  2025-05-09 16:33:06 /img/covers/6fcdbe8c23b511ef28534d4a698bacf35ec5ae07.webp  ~ 0s
  2025-05-09 16:33:06 /img/covers/f8430ce40c8b3da4972be9ff9595e8d37f4f4b04_thumb.webp  ~ 0s
  2025-05-09 16:33:06 /build/assets/AlbumInfo-B1E33D0c.js ............... ~ 0s
  2025-05-09 16:33:06 /img/covers/634104b6cd615071f1fabb571899bb078ccaeb77.webp  ~ 0s
  2025-05-09 16:33:06 /img/covers/55641a76aa88dfb5cec37b6683c91c8c6e94159d.webp  ~ 0s
  2025-05-09 16:33:06 /img/covers/73e458969335269340eb253d50e5aa5026bfaf2b.webp  ~ 0s
  2025-05-09 16:33:06 /img/covers/b19fa4b385808f7b86e1964b3d8efa11d8c18768.webp  ~ 0s
  2025-05-09 16:33:06 /img/covers/c635743fe899220a36d03202d8dd7e1e0c424ae5.webp  ~ 0s
  2025-05-09 16:33:06 ................................................... ~ 0s
  2025-05-09 16:33:06 /img/covers/3a057c2a2f62f22ed2c096ff9ddbd965da6b583b.webp  ~ 0s
  2025-05-09 16:33:06 /img/covers/233c04e8942e4ce6761578be0b2ef47b56e70bb7.webp  ~ 0s
  2025-05-09 16:33:06 /img/covers/22e09cfe9eaaffaee91ccc697399955b6cdaf5bd.webp  ~ 0s
  2025-05-09 16:33:16 ................................................... ~ 0s
  2025-05-09 16:33:16 /img/icon.png ..................................... ~ 0s
  2025-05-09 16:33:16 /img/covers/7475265bc9b7e4219fcf53c00bb85e6a15fc3350.webp  ~ 0s
  2025-05-09 16:33:16 /img/covers/3451de9102a4016a422126678f74920ad84e988a.webp  ~ 0s
  2025-05-09 16:33:16 /img/covers/821ba62c69e60668c55d9e06a8b06016a31f92b8.webp  ~ 0s
  2025-05-09 16:33:16 /img/covers/fe26ee9a2b9b9336b9d6877a1e66bac47c3f80de.webp  ~ 0s
  2025-05-09 16:33:16 /img/covers/de763c5ca8b706d457d6f62c9819d0561764b9ee.webp  ~ 0s
  2025-05-09 16:33:16 /img/covers/616766f40fac088a4a7696312df8db5bd12e2a06.webp  ~ 0s
  2025-05-09 16:33:16 /img/covers/d10ea08ec2f7af7e1f1755ea069c255dda16960f.webp  ~ 0s
  2025-05-09 16:33:16 /img/covers/b46892a286c45412ea034c6e30e29e359def4ba8.webp  ~ 0s
  2025-05-09 16:33:16 /img/covers/2328aca94162474a8e8f76e3df0e44e76bfa2b1e.webp  ~ 0s
  2025-05-09 16:33:17 ................................................... ~ 0s
  2025-05-09 16:33:17 /img/covers/3d4dead3773691546ae7aa165ee500565750696f.webp  ~ 0s
  2025-05-09 16:33:17 /img/covers/a7622b8eca1e5fa86dd05085e0ffdf3ddbc7fa4b.webp  ~ 0s
  2025-05-09 16:33:17 ................................................... ~ 0s
  2025-05-09 16:33:17 ................................................... ~ 0s
  2025-05-09 16:33:17 ................................................... ~ 0s
  2025-05-09 16:33:17 ................................................... ~ 1s
  2025-05-09 16:33:18 ................................................... ~ 0s
  2025-05-09 16:33:18 ................................................... ~ 0s
  2025-05-09 16:33:18 /img/covers/774840c15a2a2c867b1f96cb80a80cacd4adf6f7.webp  ~ 0s
  2025-05-09 16:33:17 /img/covers/8f1618c0317e6daf58088c75872a771b88987434.webp  ~ 1s
  2025-05-09 16:33:18 ................................................... ~ 1s
  2025-05-09 16:33:18 /img/covers/1d99ec3dab75be402c5bd644905f14109209af23.webp  ~ 1s
  2025-05-09 16:33:18 ................................................... ~ 1s
  2025-05-09 16:33:19 ................................................... ~ 0s
  2025-05-09 16:33:19 /img/icon.png ..................................... ~ 0s
  2025-05-09 16:33:19 ................................................... ~ 0s
  2025-05-09 16:33:19 /img/covers/7475265bc9b7e4219fcf53c00bb85e6a15fc3350_thumb.webp  ~ 0s
  2025-05-09 16:33:19 /img/covers/084b3cb0ce7329d4051f833ee03f46c0d4508308.webp  ~ 0s
  2025-05-09 16:33:19 ................................................... ~ 0s
  2025-05-09 16:33:19 ................................................... ~ 0s
  2025-05-09 16:33:19 /img/covers/1d99ec3dab75be402c5bd644905f14109209af23_thumb.webp  ~ 0s
  2025-05-09 16:33:19 /img/covers/b3406fcbe8de4de91e97c994283ad2dc3dce3373.webp  ~ 0s
  2025-05-09 16:33:19 ................................................... ~ 0s
  2025-05-09 16:33:19 ................................................... ~ 0s
  2025-05-09 16:33:19 ................................................... ~ 0s
  2025-05-09 16:33:19 ................................................... ~ 0s
  2025-05-09 16:33:19 /img/covers/885769caec3427db9358f21437dd69137e6833f7.webp  ~ 0s
  2025-05-09 16:33:19 /img/covers/ee492bb4ae5e8e2282f98d3b2cfde877c418fd67.webp  ~ 0s
  2025-05-09 16:33:19 ................................................... ~ 0s
  2025-05-09 16:33:19 /img/icon.png ..................................... ~ 0s
  2025-05-09 16:33:19 /img/covers/1d99ec3dab75be402c5bd644905f14109209af23.webp  ~ 0s
  2025-05-09 16:33:19 /img/covers/1d99ec3dab75be402c5bd644905f14109209af23.webp  ~ 0s
  2025-05-09 16:33:23 ................................................... ~ 0s
  2025-05-09 16:33:28 ................................................... ~ 0s
  2025-05-09 16:33:29 ................................................... ~ 0s
  2025-05-09 16:33:29 ................................................... ~ 0s
  2025-05-09 16:33:30 ................................................... ~ 0s
  2025-05-09 16:33:31 ................................................... ~ 0s
  2025-05-09 16:33:33 ................................................... ~ 0s
  2025-05-09 16:33:38 ................................................... ~ 0s
  2025-05-09 16:33:44 ................................................... ~ 0s
  2025-05-09 16:33:49 ................................................... ~ 0s
  2025-05-09 16:33:53 ................................................... ~ 0s
  2025-05-09 16:33:59 ................................................... ~ 0s
  2025-05-09 16:34:04 ................................................... ~ 0s
  2025-05-09 16:34:08 ................................................... ~ 0s
  2025-05-09 16:34:13 ................................................... ~ 0s
  2025-05-09 16:34:19 ................................................... ~ 0s
  2025-05-09 16:34:23 ................................................... ~ 0s
  2025-05-09 16:34:28 ................................................... ~ 0s
  2025-05-09 16:34:34 ................................................... ~ 0s
  2025-05-09 16:34:39 ................................................... ~ 0s
  2025-05-09 16:34:42 ................................................... ~ 0s
  2025-05-09 16:34:42 ................................................... ~ 0s
  2025-05-09 16:34:42 /img/covers/1d99ec3dab75be402c5bd644905f14109209af23.webp  ~ 0s
  2025-05-09 16:34:43 ................................................... ~ 0s
  2025-05-09 16:34:46 ................................................... ~ 0s
  2025-05-09 16:34:47 ................................................... ~ 0s
  2025-05-09 16:34:48 ................................................... ~ 0s
  2025-05-09 16:34:54 ................................................... ~ 0s
  2025-05-09 16:34:58 ................................................... ~ 0s
  2025-05-09 16:35:03 ................................................... ~ 0s
  2025-05-09 16:35:09 ................................................... ~ 0s
  2025-05-09 16:35:18 ................................................... ~ 0s
  2025-05-09 16:35:24 ................................................... ~ 0s
  2025-05-09 16:35:29 ................................................... ~ 0s
  2025-05-09 16:35:33 ................................................... ~ 0s
  2025-05-09 16:35:38 ................................................... ~ 0s
  2025-05-09 16:35:44 ................................................... ~ 0s
  2025-05-09 16:35:48 ................................................... ~ 0s
  2025-05-09 16:35:53 ................................................... ~ 0s
  2025-05-09 16:35:59 ................................................... ~ 0s
  2025-05-09 16:36:04 ................................................... ~ 0s
  2025-05-09 16:36:08 ................................................... ~ 0s
  2025-05-09 16:36:13 ................................................... ~ 1s
  2025-05-09 16:36:19 ................................................... ~ 0s
  2025-05-09 16:36:23 ................................................... ~ 0s
  2025-05-09 16:36:28 ................................................... ~ 0s
  2025-05-09 16:36:34 ................................................... ~ 0s
  2025-05-09 16:36:43 ................................................... ~ 0s
  2025-05-09 16:36:49 ................................................... ~ 0s
  2025-05-09 16:36:54 ................................................... ~ 0s
  2025-05-09 16:36:58 ................................................... ~ 0s
  2025-05-09 16:37:03 ................................................... ~ 0s
  2025-05-09 16:37:09 ................................................... ~ 0s
  2025-05-09 16:37:13 ................................................... ~ 0s
  2025-05-09 16:37:18 ................................................... ~ 0s
  2025-05-09 16:37:24 ................................................... ~ 0s
  2025-05-09 16:37:33 ................................................... ~ 0s
  2025-05-09 16:37:39 ................................................... ~ 0s
  2025-05-09 16:37:44 ................................................... ~ 0s
  2025-05-09 16:37:48 ................................................... ~ 0s
  2025-05-09 16:37:53 ................................................... ~ 0s
  2025-05-09 16:37:59 ................................................... ~ 0s
  2025-05-09 16:38:03 ................................................... ~ 0s
  2025-05-09 16:38:08 ................................................... ~ 0s
  2025-05-09 16:38:14 ................................................... ~ 0s
  2025-05-09 16:38:21 ................................................... ~ 0s
  2025-05-09 16:38:23 ................................................... ~ 0s
  2025-05-09 16:38:28 ................................................... ~ 1s
  2025-05-09 16:38:34 ................................................... ~ 0s
  2025-05-09 16:38:38 ................................................... ~ 0s
  2025-05-09 16:38:43 ................................................... ~ 0s
  2025-05-09 16:38:49 ................................................... ~ 0s
  2025-05-09 16:38:51 ................................................... ~ 0s
  2025-05-09 16:38:51 ................................................... ~ 0s
  2025-05-09 16:38:51 ................................................... ~ 0s
  2025-05-09 16:38:51 /img/artists/b682b8c76f9b731f41d1ea846533e849f5a422a4.webp  ~ 0s
  2025-05-09 16:38:51 /img/covers/7475265bc9b7e4219fcf53c00bb85e6a15fc3350_thumb.webp  ~ 0s
  2025-05-09 16:38:51 /img/covers/7475265bc9b7e4219fcf53c00bb85e6a15fc3350.webp  ~ 0s
  2025-05-09 16:38:51 /img/covers/7475265bc9b7e4219fcf53c00bb85e6a15fc3350.webp  ~ 0s
  2025-05-09 16:38:56 ................................................... ~ 0s
  2025-05-09 16:39:00 ................................................... ~ 0s
  2025-05-09 16:39:06 ................................................... ~ 0s
  2025-05-09 16:39:11 ................................................... ~ 0s
  2025-05-09 16:39:15 ................................................... ~ 0s
  2025-05-09 16:39:21 ................................................... ~ 0s
  2025-05-09 16:39:26 ................................................... ~ 0s
  2025-05-09 16:39:26 ................................................... ~ 0s
  2025-05-09 16:39:26 /img/covers/7475265bc9b7e4219fcf53c00bb85e6a15fc3350.webp  ~ 0s
  2025-05-09 16:39:30 ................................................... ~ 0s
  2025-05-09 16:39:35 ................................................... ~ 0s
  2025-05-09 16:39:41 ................................................... ~ 0s
  2025-05-09 16:39:46 ................................................... ~ 0s
  2025-05-09 16:39:50 ................................................... ~ 0s
  2025-05-09 16:39:56 ................................................... ~ 0s
  2025-05-09 16:40:01 ................................................... ~ 0s
  2025-05-09 16:40:05 ................................................... ~ 0s
  2025-05-09 16:40:11 ................................................... ~ 0s
  2025-05-09 16:40:16 ................................................... ~ 0s
  2025-05-09 16:40:25 ................................................... ~ 1s
  2025-05-09 16:40:31 ................................................... ~ 0s
  2025-05-09 16:40:36 ................................................... ~ 0s
  2025-05-09 16:40:40 ................................................... ~ 0s
  2025-05-09 16:40:40 ................................................... ~ 1s
  2025-05-09 16:40:46 ................................................... ~ 0s
  2025-05-09 16:40:51 ................................................... ~ 0s
  2025-05-09 16:40:55 ................................................... ~ 0s
  2025-05-09 16:41:00 ................................................... ~ 1s
  2025-05-09 16:41:06 ................................................... ~ 0s
  2025-05-09 16:41:10 ................................................... ~ 0s
  2025-05-09 16:41:10 ................................................... ~ 0s
  2025-05-09 16:41:10 ................................................... ~ 0s
  2025-05-09 16:41:10 ................................................... ~ 0s
  2025-05-09 16:41:10 ................................................... ~ 1s
  2025-05-09 16:41:11 ................................................... ~ 0s
  2025-05-09 16:41:11 ................................................... ~ 0s
  2025-05-09 16:41:10 /img/covers/d10ea08ec2f7af7e1f1755ea069c255dda16960f_thumb.webp  ~ 1s
  2025-05-09 16:41:11 ................................................... ~ 0s
  2025-05-09 16:41:11 ................................................... ~ 0s
  2025-05-09 16:41:11 ................................................... ~ 0s
  2025-05-09 16:41:11 ................................................... ~ 0s
  2025-05-09 16:41:11 /img/covers/7475265bc9b7e4219fcf53c00bb85e6a15fc3350.webp  ~ 0s
  2025-05-09 16:41:11 /img/covers/d10ea08ec2f7af7e1f1755ea069c255dda16960f.webp  ~ 0s
  2025-05-09 16:41:11 /img/covers/7475265bc9b7e4219fcf53c00bb85e6a15fc3350.webp  ~ 0s
  2025-05-09 16:41:11 /img/covers/d10ea08ec2f7af7e1f1755ea069c255dda16960f.webp  ~ 0s
  2025-05-09 16:41:15 ................................................... ~ 0s
  2025-05-09 16:41:21 ................................................... ~ 0s
  2025-05-09 16:41:25 ................................................... ~ 0s
  2025-05-09 16:41:30 ................................................... ~ 0s
  2025-05-09 16:41:35 ................................................... ~ 0s
  2025-05-09 16:41:41 ................................................... ~ 0s
  2025-05-09 16:41:45 ................................................... ~ 0s
  2025-05-09 16:41:50 ................................................... ~ 0s
  2025-05-09 16:41:56 ................................................... ~ 0s
  2025-05-09 16:42:00 ................................................... ~ 0s
  2025-05-09 16:42:05 ................................................... ~ 0s
  2025-05-09 16:42:11 ................................................... ~ 0s
  2025-05-09 16:42:20 ................................................... ~ 0s
  2025-05-09 16:42:25 ................................................... ~ 0s
  2025-05-09 16:42:31 ................................................... ~ 0s
  2025-05-09 16:42:35 ................................................... ~ 0s
  2025-05-09 16:42:40 ................................................... ~ 0s
  2025-05-09 16:42:46 ................................................... ~ 0s
  2025-05-09 16:42:50 ................................................... ~ 0s
  2025-05-09 16:42:55 ................................................... ~ 0s
  2025-05-09 16:43:00 ................................................... ~ 1s
  2025-05-09 16:43:08 ................................................... ~ 1s
  2025-05-09 16:43:10 ................................................... ~ 0s
  2025-05-09 16:43:15 ................................................... ~ 0s
  2025-05-09 16:43:21 ................................................... ~ 0s
  2025-05-09 16:43:25 ................................................... ~ 0s
  2025-05-09 16:43:30 ................................................... ~ 0s
  2025-05-09 16:43:36 ................................................... ~ 0s
  2025-05-09 16:43:37 ................................................... ~ 0s
  2025-05-09 16:43:37 ................................................... ~ 0s
  2025-05-09 16:43:37 ................................................... ~ 1s
  2025-05-09 16:43:37 ................................................... ~ 1s
  2025-05-09 16:43:38 ................................................... ~ 0s
  2025-05-09 16:43:38 ................................................... ~ 0s
  2025-05-09 16:43:38 ................................................... ~ 0s
  2025-05-09 16:43:38 ................................................... ~ 0s
  2025-05-09 16:43:38 /img/covers/3d4dead3773691546ae7aa165ee500565750696f_thumb.webp  ~ 0s
  2025-05-09 16:43:38 ................................................... ~ 0s
  2025-05-09 16:43:38 /img/covers/d10ea08ec2f7af7e1f1755ea069c255dda16960f.webp  ~ 1s
  2025-05-09 16:43:39 ................................................... ~ 0s
  2025-05-09 16:43:39 /img/covers/7475265bc9b7e4219fcf53c00bb85e6a15fc3350.webp  ~ 0s
  2025-05-09 16:43:39 /img/covers/3d4dead3773691546ae7aa165ee500565750696f.webp  ~ 0s
  2025-05-09 16:43:39 /img/covers/3d4dead3773691546ae7aa165ee500565750696f.webp  ~ 0s
  2025-05-09 16:43:40 /img/artists/21cc35e80881681af332136be52a5427159205fe.webp  ~ 0s
  2025-05-09 16:43:40 /img/covers/3d4dead3773691546ae7aa165ee500565750696f.webp  ~ 0s
  2025-05-09 16:43:43 ................................................... ~ 0s
  2025-05-09 16:43:48 ................................................... ~ 0s
  2025-05-09 16:43:52 ................................................... ~ 0s
  2025-05-09 16:43:58 ................................................... ~ 0s
  2025-05-09 16:44:03 ................................................... ~ 0s
  2025-05-09 16:44:08 ................................................... ~ 0s
  2025-05-09 16:44:12 ................................................... ~ 0s
  2025-05-09 16:44:18 ................................................... ~ 0s
  2025-05-09 16:44:23 ................................................... ~ 0s
  2025-05-09 16:44:27 ................................................... ~ 0s
  2025-05-09 16:44:33 ................................................... ~ 0s
  2025-05-09 16:44:38 ................................................... ~ 0s
  2025-05-09 16:44:47 ................................................... ~ 0s
  2025-05-09 16:44:53 ................................................... ~ 0s
  2025-05-09 16:44:58 ................................................... ~ 0s
  2025-05-09 16:45:02 ................................................... ~ 0s
  2025-05-09 16:45:08 ................................................... ~ 0s
  2025-05-09 16:45:13 ................................................... ~ 0s
  2025-05-09 16:45:17 ................................................... ~ 0s
  2025-05-09 16:45:23 ................................................... ~ 0s
  2025-05-09 16:45:28 ................................................... ~ 0s
  2025-05-09 16:45:37 ................................................... ~ 1s
  2025-05-09 16:45:43 ................................................... ~ 0s
  2025-05-09 16:45:48 ................................................... ~ 0s
  2025-05-09 16:45:52 ................................................... ~ 0s
  2025-05-09 16:45:58 ................................................... ~ 0s
  2025-05-09 16:46:03 ................................................... ~ 0s
  2025-05-09 16:46:07 ................................................... ~ 0s
  2025-05-09 16:46:13 ................................................... ~ 0s
  2025-05-09 16:46:18 ................................................... ~ 0s
  2025-05-09 16:46:22 ................................................... ~ 0s
  2025-05-09 16:46:28 ................................................... ~ 0s
  2025-05-09 16:46:33 ................................................... ~ 0s
  2025-05-09 16:46:38 ................................................... ~ 0s
  2025-05-09 16:46:42 ................................................... ~ 0s
  2025-05-09 16:46:48 ................................................... ~ 0s
  2025-05-09 16:46:53 ................................................... ~ 0s
  2025-05-09 16:46:57 ................................................... ~ 0s
  2025-05-09 16:47:03 ................................................... ~ 0s
  2025-05-09 16:47:08 ................................................... ~ 0s
  2025-05-09 16:47:12 ................................................... ~ 0s
  2025-05-09 16:47:17 ................................................... ~ 1s
  2025-05-09 16:47:23 ................................................... ~ 0s
  2025-05-09 16:47:28 ................................................... ~ 0s
  2025-05-09 16:47:30 ................................................... ~ 1s
  2025-05-09 16:47:32 ................................................... ~ 0s
  2025-05-09 16:47:38 ................................................... ~ 0s
  2025-05-09 16:47:43 ................................................... ~ 0s
  2025-05-09 16:47:47 ................................................... ~ 0s
  2025-05-09 16:47:53 ................................................... ~ 0s
  2025-05-09 16:47:58 ................................................... ~ 0s
  2025-05-09 16:48:00 ................................................... ~ 0s
  2025-05-09 16:48:00 ................................................... ~ 0s
  2025-05-09 16:48:00 ................................................... ~ 1s
  2025-05-09 16:48:00 ................................................... ~ 1s
  2025-05-09 16:48:01 ................................................... ~ 0s
  2025-05-09 16:48:01 ................................................... ~ 0s
  2025-05-09 16:48:01 ................................................... ~ 0s
  2025-05-09 16:48:01 ................................................... ~ 1s
  2025-05-09 16:48:02 ................................................... ~ 0s
  2025-05-09 16:48:02 ................................................... ~ 0s
  2025-05-09 16:48:01 /img/covers/3451de9102a4016a422126678f74920ad84e988a_thumb.webp  ~ 1s
  2025-05-09 16:48:02 ................................................... ~ 0s
  2025-05-09 16:48:02 /img/covers/3d4dead3773691546ae7aa165ee500565750696f.webp  ~ 0s
  2025-05-09 16:48:02 /img/covers/3451de9102a4016a422126678f74920ad84e988a.webp  ~ 0s
  2025-05-09 16:48:02 /img/covers/3451de9102a4016a422126678f74920ad84e988a.webp  ~ 0s
  2025-05-09 16:48:02 /img/artists/02cf242794717c2bc3413fd5f9791c80e75757e6.webp  ~ 0s
  2025-05-09 16:48:02 /img/covers/3451de9102a4016a422126678f74920ad84e988a.webp  ~ 0s
  2025-05-09 16:48:06 ................................................... ~ 0s
  2025-05-09 16:48:11 ................................................... ~ 0s
  2025-05-09 16:48:14 ................................................... ~ 0s
  2025-05-09 16:48:15 ................................................... ~ 0s
  2025-05-09 16:48:15 ................................................... ~ 1s
  2025-05-09 16:48:20 ................................................... ~ 1s
  2025-05-09 16:48:26 ................................................... ~ 0s
  2025-05-09 16:48:31 ................................................... ~ 0s
  2025-05-09 16:48:35 ................................................... ~ 0s
  2025-05-09 16:48:41 ................................................... ~ 0s
  2025-05-09 16:48:46 ................................................... ~ 0s
  2025-05-09 16:48:50 ................................................... ~ 0s
  2025-05-09 16:48:56 ................................................... ~ 0s
  2025-05-09 16:49:01 ................................................... ~ 0s
  2025-05-09 16:49:05 ................................................... ~ 0s
  2025-05-09 16:49:11 ................................................... ~ 0s
  2025-05-09 16:49:16 ................................................... ~ 0s
  2025-05-09 16:49:20 ................................................... ~ 0s
  2025-05-09 16:49:25 ................................................... ~ 0s
  2025-05-09 16:49:31 ................................................... ~ 0s
  2025-05-09 16:49:36 ................................................... ~ 0s
  2025-05-09 16:49:40 ................................................... ~ 0s
  2025-05-09 16:49:46 ................................................... ~ 0s
  2025-05-09 16:49:51 ................................................... ~ 0s
  2025-05-09 16:49:55 ................................................... ~ 0s
  2025-05-09 16:50:01 ................................................... ~ 0s
  2025-05-09 16:50:06 ................................................... ~ 0s
  2025-05-09 16:50:15 ................................................... ~ 0s
  2025-05-09 16:50:21 ................................................... ~ 0s
  2025-05-09 16:50:26 ................................................... ~ 0s
  2025-05-09 16:50:30 ................................................... ~ 0s
  2025-05-09 16:50:36 ................................................... ~ 0s
  2025-05-09 16:50:41 ................................................... ~ 0s
  2025-05-09 16:50:45 ................................................... ~ 0s
  2025-05-09 16:50:50 ................................................... ~ 1s
  2025-05-09 16:50:56 ................................................... ~ 0s
  2025-05-09 16:51:05 ................................................... ~ 0s
  2025-05-09 16:51:11 ................................................... ~ 0s
  2025-05-09 16:51:16 ................................................... ~ 0s
  2025-05-09 16:51:20 ................................................... ~ 0s
  2025-05-09 16:51:26 ................................................... ~ 0s
  2025-05-09 16:51:31 ................................................... ~ 0s
  2025-05-09 16:51:35 ................................................... ~ 0s
  2025-05-09 16:51:40 ................................................... ~ 0s
  2025-05-09 16:51:46 ................................................... ~ 0s
  2025-05-09 16:51:51 ................................................... ~ 0s
  2025-05-09 16:51:55 ................................................... ~ 0s
  2025-05-09 16:52:01 ................................................... ~ 0s
  2025-05-09 16:52:06 ................................................... ~ 0s
  2025-05-09 16:52:10 ................................................... ~ 0s
  2025-05-09 16:52:16 ................................................... ~ 0s
  2025-05-09 16:52:21 ................................................... ~ 0s
  2025-05-09 16:52:30 ................................................... ~ 0s
  2025-05-09 16:52:36 ................................................... ~ 0s
  2025-05-09 16:52:41 ................................................... ~ 0s
  2025-05-09 16:52:45 ................................................... ~ 0s
  2025-05-09 16:52:51 ................................................... ~ 0s
  2025-05-09 16:52:56 ................................................... ~ 0s
  2025-05-09 16:53:00 ................................................... ~ 0s
  2025-05-09 16:53:05 ................................................... ~ 0s
  2025-05-09 16:53:11 ................................................... ~ 0s
  2025-05-09 16:53:16 ................................................... ~ 0s
  2025-05-09 16:53:20 ................................................... ~ 0s
  2025-05-09 16:53:26 ................................................... ~ 0s
  2025-05-09 16:53:31 ................................................... ~ 0s
  2025-05-09 16:53:35 ................................................... ~ 0s
  2025-05-09 16:53:41 ................................................... ~ 0s
  2025-05-09 16:53:46 ................................................... ~ 0s
  2025-05-09 16:53:52 ................................................... ~ 1s
  2025-05-09 16:53:55 ................................................... ~ 1s
  2025-05-09 16:54:01 ................................................... ~ 0s
  2025-05-09 16:54:06 ................................................... ~ 0s
  2025-05-09 16:54:10 ................................................... ~ 0s
  2025-05-09 16:54:16 ................................................... ~ 0s
  2025-05-09 16:54:21 ................................................... ~ 0s
  2025-05-09 16:54:22 ................................................... ~ 0s
  2025-05-09 16:54:22 ................................................... ~ 0s
  2025-05-09 16:54:22 ................................................... ~ 0s
  2025-05-09 16:54:22 ................................................... ~ 0s
  2025-05-09 16:54:22 ................................................... ~ 1s
  2025-05-09 16:54:23 ................................................... ~ 0s
  2025-05-09 16:54:23 ................................................... ~ 0s
  2025-05-09 16:54:23 ................................................... ~ 0s
  2025-05-09 16:54:23 ................................................... ~ 0s
  2025-05-09 16:54:23 /img/covers/084b3cb0ce7329d4051f833ee03f46c0d4508308_thumb.webp  ~ 0s
  2025-05-09 16:54:23 ................................................... ~ 0s
  2025-05-09 16:54:23 /img/covers/3d4dead3773691546ae7aa165ee500565750696f.webp  ~ 0s
  2025-05-09 16:54:23 ................................................... ~ 0s
  2025-05-09 16:54:23 /img/covers/084b3cb0ce7329d4051f833ee03f46c0d4508308.webp  ~ 0s
  2025-05-09 16:54:23 /img/covers/084b3cb0ce7329d4051f833ee03f46c0d4508308.webp  ~ 0s
  2025-05-09 16:54:24 /img/artists/f0624e0c0a29c7fe114cf25e91168c8d5b286b22.webp  ~ 0s
  2025-05-09 16:54:24 /img/covers/084b3cb0ce7329d4051f833ee03f46c0d4508308.webp  ~ 0s
  2025-05-09 16:54:27 ................................................... ~ 0s
  2025-05-09 16:54:32 ................................................... ~ 0s
  2025-05-09 16:54:36 ................................................... ~ 1s
  2025-05-09 16:54:42 ................................................... ~ 0s
  2025-05-09 16:54:47 ................................................... ~ 0s
  2025-05-09 16:54:52 ................................................... ~ 1s
  2025-05-09 16:54:57 ................................................... ~ 0s
  2025-05-09 16:55:02 ................................................... ~ 0s
  2025-05-09 16:55:07 ................................................... ~ 0s
  2025-05-09 16:55:12 ................................................... ~ 0s
  2025-05-09 16:55:17 ................................................... ~ 0s
  2025-05-09 16:55:22 ................................................... ~ 0s
  2025-05-09 16:55:27 ................................................... ~ 0s
  2025-05-09 16:55:32 ................................................... ~ 0s
  2025-05-09 16:55:37 ................................................... ~ 0s
  2025-05-09 16:55:47 ................................................... ~ 0s
  2025-05-09 16:55:52 ................................................... ~ 0s
  2025-05-09 16:55:57 ................................................... ~ 0s
  2025-05-09 16:56:02 ................................................... ~ 0s
  2025-05-09 16:56:07 ................................................... ~ 0s
  2025-05-09 16:56:12 ................................................... ~ 0s
  2025-05-09 16:56:17 ................................................... ~ 0s
  2025-05-09 16:56:22 ................................................... ~ 0s
  2025-05-09 16:56:28 ................................................... ~ 0s
  2025-05-09 16:56:28 ................................................... ~ 9s
  2025-05-09 16:56:42 ................................................... ~ 0s
  2025-05-09 16:56:47 ................................................... ~ 0s
  2025-05-09 16:56:52 ................................................... ~ 0s
  2025-05-09 16:56:57 ................................................... ~ 0s
  2025-05-09 16:57:02 ................................................... ~ 0s
  2025-05-09 16:57:07 ................................................... ~ 0s
  2025-05-09 16:57:12 ................................................... ~ 0s
  2025-05-09 16:57:17 ................................................... ~ 0s
  2025-05-09 16:57:23 ................................................... ~ 0s
  2025-05-09 16:57:27 ................................................... ~ 0s
  2025-05-09 16:57:31 ................................................... ~ 0s
  2025-05-09 16:57:32 ................................................... ~ 0s
  2025-05-09 16:57:37 ................................................... ~ 0s
  2025-05-09 16:57:42 ................................................... ~ 0s
  2025-05-09 16:57:47 ................................................... ~ 0s
  2025-05-09 16:57:52 ................................................... ~ 0s
  2025-05-09 16:57:56 ................................................... ~ 1s
  2025-05-09 16:58:01 ................................................... ~ 0s
  2025-05-09 16:58:01 ................................................... ~ 0s
  2025-05-09 16:58:01 ................................................... ~ 0s
  2025-05-09 16:58:01 ................................................... ~ 0s
  2025-05-09 16:58:01 ................................................... ~ 0s
  2025-05-09 16:58:01 ................................................... ~ 0s
  2025-05-09 16:58:01 ................................................... ~ 0s
  2025-05-09 16:58:01 ................................................... ~ 0s
  2025-05-09 16:58:01 /img/covers/8f1618c0317e6daf58088c75872a771b88987434_thumb.webp  ~ 0s
  2025-05-09 16:58:01 ................................................... ~ 0s
  2025-05-09 16:58:01 ................................................... ~ 0s
  2025-05-09 16:58:01 ................................................... ~ 1s
  2025-05-09 16:58:02 /img/covers/8f1618c0317e6daf58088c75872a771b88987434.webp  ~ 0s
  2025-05-09 16:58:02 /img/covers/8f1618c0317e6daf58088c75872a771b88987434.webp  ~ 0s
  2025-05-09 16:58:02 /img/artists/b8eaed2f4b34d7b94462769d15c139a85be850d1.webp  ~ 0s
  2025-05-09 16:58:06 ................................................... ~ 0s
  2025-05-09 16:58:11 ................................................... ~ 0s
  2025-05-09 16:58:16 ................................................... ~ 0s
  2025-05-09 16:58:21 ................................................... ~ 0s
  2025-05-09 16:58:26 ................................................... ~ 0s
  2025-05-09 16:58:36 ................................................... ~ 0s
  2025-05-09 16:58:41 ................................................... ~ 0s
  2025-05-09 16:58:46 ................................................... ~ 1s
  2025-05-09 16:58:51 ................................................... ~ 0s
  2025-05-09 16:58:56 ................................................... ~ 0s
  2025-05-09 16:59:01 ................................................... ~ 0s
  2025-05-09 16:59:06 ................................................... ~ 0s
  2025-05-09 16:59:11 ................................................... ~ 0s
  2025-05-09 16:59:16 ................................................... ~ 0s
  2025-05-09 16:59:22 ................................................... ~ 0s
  2025-05-09 16:59:26 ................................................... ~ 0s
  2025-05-09 16:59:31 ................................................... ~ 0s
  2025-05-09 16:59:36 ................................................... ~ 0s
  2025-05-09 16:59:41 ................................................... ~ 0s
  2025-05-09 16:59:46 ................................................... ~ 0s
  2025-05-09 16:59:51 ................................................... ~ 0s
  2025-05-09 16:59:56 ................................................... ~ 0s
  2025-05-09 17:00:01 ................................................... ~ 0s
  2025-05-09 17:00:06 ................................................... ~ 0s
  2025-05-09 17:00:16 ................................................... ~ 0s
  2025-05-09 17:00:21 ................................................... ~ 0s
  2025-05-09 17:00:27 ................................................... ~ 0s
  2025-05-09 17:00:31 ................................................... ~ 0s
  2025-05-09 17:00:36 ................................................... ~ 0s
  2025-05-09 17:00:41 ................................................... ~ 0s
  2025-05-09 17:00:46 ................................................... ~ 0s
  2025-05-09 17:00:51 ................................................... ~ 0s
  2025-05-09 17:00:56 ................................................... ~ 0s
  2025-05-09 17:01:06 ................................................... ~ 0s
  2025-05-09 17:01:11 ................................................... ~ 0s
  2025-05-09 17:01:17 ................................................... ~ 0s
  2025-05-09 17:01:21 ................................................... ~ 0s
  2025-05-09 17:01:26 ................................................... ~ 0s
  2025-05-09 17:01:31 ................................................... ~ 1s
  2025-05-09 17:01:36 ................................................... ~ 0s
  2025-05-09 17:01:41 ................................................... ~ 0s
  2025-05-09 17:01:46 ................................................... ~ 0s
  2025-05-09 17:01:51 ................................................... ~ 0s
  2025-05-09 17:01:56 ................................................... ~ 0s
  2025-05-09 17:02:01 ................................................... ~ 0s
  2025-05-09 17:02:11 ................................................... ~ 0s
  2025-05-09 17:02:16 ................................................... ~ 0s
  2025-05-09 17:02:21 ................................................... ~ 1s
  2025-05-09 17:02:26 ................................................... ~ 0s
  2025-05-09 17:02:31 ................................................... ~ 0s
  2025-05-09 17:02:36 ................................................... ~ 0s
  2025-05-09 17:02:41 ................................................... ~ 0s
  2025-05-09 17:02:46 ................................................... ~ 0s
  2025-05-09 17:02:51 ................................................... ~ 0s
  2025-05-09 17:02:57 ................................................... ~ 0s
  2025-05-09 17:03:01 ................................................... ~ 0s
  2025-05-09 17:03:06 ................................................... ~ 0s
  2025-05-09 17:03:11 ................................................... ~ 1s
  2025-05-09 17:03:16 ................................................... ~ 0s
  2025-05-09 17:03:21 ................................................... ~ 0s
  2025-05-09 17:03:26 ................................................... ~ 0s
  2025-05-09 17:03:31 ................................................... ~ 0s
  2025-05-09 17:03:36 ................................................... ~ 0s
  2025-05-09 17:03:41 ................................................... ~ 0s
  2025-05-09 17:03:46 ................................................... ~ 0s
  2025-05-09 17:03:51 ................................................... ~ 0s
  2025-05-09 17:03:56 ................................................... ~ 0s
  2025-05-09 17:04:02 ................................................... ~ 0s
  2025-05-09 17:04:06 ................................................... ~ 0s
  2025-05-09 17:04:11 ................................................... ~ 0s
  2025-05-09 17:04:15 ................................................... ~ 0s
  2025-05-09 17:04:15 ................................................... ~ 0s
  2025-05-09 17:04:15 ................................................... ~ 0s
  2025-05-09 17:04:15 ................................................... ~ 1s
  2025-05-09 17:04:15 ................................................... ~ 1s
  2025-05-09 17:04:16 ................................................... ~ 0s
  2025-05-09 17:04:16 ................................................... ~ 0s
  2025-05-09 17:04:16 /img/covers/b3406fcbe8de4de91e97c994283ad2dc3dce3373_thumb.webp  ~ 0s
  2025-05-09 17:04:16 ................................................... ~ 0s
  2025-05-09 17:04:16 ................................................... ~ 0s
  2025-05-09 17:04:16 ................................................... ~ 1s
  2025-05-09 17:04:17 ................................................... ~ 0s
  2025-05-09 17:04:16 /img/covers/8f1618c0317e6daf58088c75872a771b88987434.webp  ~ 1s
  2025-05-09 17:04:17 /img/covers/b3406fcbe8de4de91e97c994283ad2dc3dce3373.webp  ~ 0s
  2025-05-09 17:04:17 /img/covers/b3406fcbe8de4de91e97c994283ad2dc3dce3373.webp  ~ 0s
  2025-05-09 17:04:17 /img/artists/507b9239e6fb81de348830bc07a7a2bd4a8ed870.webp  ~ 0s
  2025-05-09 17:04:21 ................................................... ~ 0s
  2025-05-09 17:04:26 ................................................... ~ 0s
  2025-05-09 17:04:30 ................................................... ~ 1s
  2025-05-09 17:04:36 ................................................... ~ 0s
  2025-05-09 17:04:41 ................................................... ~ 0s
  2025-05-09 17:04:45 ................................................... ~ 0s
  2025-05-09 17:04:51 ................................................... ~ 0s
  2025-05-09 17:04:56 ................................................... ~ 0s
  2025-05-09 17:05:06 ................................................... ~ 0s
  2025-05-09 17:05:11 ................................................... ~ 0s
  2025-05-09 17:05:16 ................................................... ~ 0s
  2025-05-09 17:05:21 ................................................... ~ 0s
  2025-05-09 17:05:26 ................................................... ~ 0s
  2025-05-09 17:05:31 ................................................... ~ 0s
  2025-05-09 17:05:36 ................................................... ~ 0s
  2025-05-09 17:05:41 ................................................... ~ 0s
  2025-05-09 17:05:46 ................................................... ~ 0s
  2025-05-09 17:05:50 ................................................... ~ 0s
  2025-05-09 17:05:56 ................................................... ~ 0s
  2025-05-09 17:06:01 ................................................... ~ 0s
  2025-05-09 17:06:06 ................................................... ~ 0s
  2025-05-09 17:06:11 ................................................... ~ 0s
  2025-05-09 17:06:16 ................................................... ~ 0s
  2025-05-09 17:06:21 ................................................... ~ 0s
  2025-05-09 17:06:26 ................................................... ~ 0s
  2025-05-09 17:06:31 ................................................... ~ 0s
  2025-05-09 17:06:36 ................................................... ~ 0s
  2025-05-09 17:06:40 ................................................... ~ 1s
  2025-05-09 17:06:46 ................................................... ~ 0s
  2025-05-09 17:06:51 ................................................... ~ 0s
  2025-05-09 17:06:55 ................................................... ~ 0s
  2025-05-09 17:07:01 ................................................... ~ 0s
  2025-05-09 17:07:06 ................................................... ~ 0s
  2025-05-09 17:07:16 ................................................... ~ 0s
  2025-05-09 17:07:21 ................................................... ~ 0s
  2025-05-09 17:07:26 ................................................... ~ 0s
  2025-05-09 17:07:31 ................................................... ~ 0s
  2025-05-09 17:07:36 ................................................... ~ 0s
  2025-05-09 17:07:41 ................................................... ~ 0s
  2025-05-09 17:07:46 ................................................... ~ 0s
  2025-05-09 17:07:51 ................................................... ~ 0s
  2025-05-09 17:07:56 ................................................... ~ 0s
  2025-05-09 17:08:00 ................................................... ~ 0s
  2025-05-09 17:08:06 ................................................... ~ 0s
  2025-05-09 17:08:11 ................................................... ~ 0s
  2025-05-09 17:08:21 ................................................... ~ 0s
  2025-05-09 17:08:26 ................................................... ~ 0s
  2025-05-09 17:08:31 ................................................... ~ 0s
  2025-05-09 17:08:36 ................................................... ~ 0s
  2025-05-09 17:08:41 ................................................... ~ 0s
  2025-05-09 17:08:46 ................................................... ~ 0s
  2025-05-09 17:08:51 ................................................... ~ 0s
  2025-05-09 17:08:56 ................................................... ~ 0s
  2025-05-09 17:09:01 ................................................... ~ 0s
  2025-05-09 17:09:05 ................................................... ~ 0s
  2025-05-09 17:09:11 ................................................... ~ 0s
  2025-05-09 17:09:15 ................................................... ~ 1s
  2025-05-09 17:09:16 ................................................... ~ 0s
  2025-05-09 17:09:21 ................................................... ~ 0s
  2025-05-09 17:09:26 ................................................... ~ 0s
  2025-05-09 17:09:31 ................................................... ~ 0s
  2025-05-09 17:09:36 ................................................... ~ 0s
  2025-05-09 17:09:41 ................................................... ~ 0s
  2025-05-09 17:09:45 ................................................... ~ 0s
  2025-05-09 17:09:45 ................................................... ~ 0s
  2025-05-09 17:09:45 ................................................... ~ 0s
  2025-05-09 17:09:45 ................................................... ~ 0s
  2025-05-09 17:09:45 ................................................... ~ 0s
  2025-05-09 17:09:45 ................................................... ~ 0s
  2025-05-09 17:09:45 ................................................... ~ 0s
  2025-05-09 17:09:45 ................................................... ~ 0s
  2025-05-09 17:09:45 /img/covers/a7622b8eca1e5fa86dd05085e0ffdf3ddbc7fa4b_thumb.webp  ~ 0s
  2025-05-09 17:09:45 ................................................... ~ 0s
  2025-05-09 17:09:45 ................................................... ~ 0s
  2025-05-09 17:09:45 ................................................... ~ 1s
  2025-05-09 17:09:46 /img/artists/23e9b34473e2d38fc27e31183dd1ed553e748baa.webp  ~ 0s
  2025-05-09 17:09:45 /img/covers/b3406fcbe8de4de91e97c994283ad2dc3dce3373.webp  ~ 1s
  2025-05-09 17:09:46 /img/covers/a7622b8eca1e5fa86dd05085e0ffdf3ddbc7fa4b.webp  ~ 0s
  2025-05-09 17:09:46 /img/covers/a7622b8eca1e5fa86dd05085e0ffdf3ddbc7fa4b.webp  ~ 0s
  2025-05-09 17:09:50 ................................................... ~ 0s
  2025-05-09 17:09:56 ................................................... ~ 0s
  2025-05-09 17:10:00 ................................................... ~ 0s
  2025-05-09 17:10:05 ................................................... ~ 0s
  2025-05-09 17:10:10 ................................................... ~ 0s
  2025-05-09 17:10:20 ................................................... ~ 0s
  2025-05-09 17:10:25 ................................................... ~ 0s
  2025-05-09 17:10:31 ................................................... ~ 0s
  2025-05-09 17:10:35 ................................................... ~ 0s
  2025-05-09 17:10:40 ................................................... ~ 0s
  2025-05-09 17:10:46 ................................................... ~ 0s
  2025-05-09 17:10:50 ................................................... ~ 0s
  2025-05-09 17:10:55 ................................................... ~ 0s
  2025-05-09 17:11:00 ................................................... ~ 0s
  2025-05-09 17:11:10 ................................................... ~ 0s
  2025-05-09 17:11:15 ................................................... ~ 0s
  2025-05-09 17:11:21 ................................................... ~ 0s
  2025-05-09 17:11:25 ................................................... ~ 0s
  2025-05-09 17:11:30 ................................................... ~ 0s
  2025-05-09 17:11:36 ................................................... ~ 0s
  2025-05-09 17:11:40 ................................................... ~ 0s
  2025-05-09 17:11:45 ................................................... ~ 0s
  2025-05-09 17:11:50 ................................................... ~ 1s
  2025-05-09 17:11:55 ................................................... ~ 0s
  2025-05-09 17:12:00 ................................................... ~ 0s
  2025-05-09 17:12:05 ................................................... ~ 0s
  2025-05-09 17:12:11 ................................................... ~ 0s
  2025-05-09 17:12:15 ................................................... ~ 0s
  2025-05-09 17:12:20 ................................................... ~ 0s
  2025-05-09 17:12:26 ................................................... ~ 0s
  2025-05-09 17:12:30 ................................................... ~ 0s
  2025-05-09 17:12:35 ................................................... ~ 0s
  2025-05-09 17:12:40 ................................................... ~ 1s
  2025-05-09 17:12:45 ................................................... ~ 0s
  2025-05-09 17:12:50 ................................................... ~ 0s
  2025-05-09 17:12:55 ................................................... ~ 1s
  2025-05-09 17:13:00 ................................................... ~ 0s
  2025-05-09 17:13:05 ................................................... ~ 0s
  2025-05-09 17:13:10 ................................................... ~ 0s
  2025-05-09 17:13:20 ................................................... ~ 0s
  2025-05-09 17:13:25 ................................................... ~ 0s
  2025-05-09 17:13:31 ................................................... ~ 0s
  2025-05-09 17:13:35 ................................................... ~ 0s
  2025-05-09 17:13:40 ................................................... ~ 0s
  2025-05-09 17:13:46 ................................................... ~ 0s
  2025-05-09 17:13:50 ................................................... ~ 0s
  2025-05-09 17:13:55 ................................................... ~ 0s
  2025-05-09 17:14:01 ................................................... ~ 0s
  2025-05-09 17:14:05 ................................................... ~ 0s
  2025-05-09 17:14:10 ................................................... ~ 0s
  2025-05-09 17:14:15 ................................................... ~ 0s
  2025-05-09 17:14:21 ................................................... ~ 0s
  2025-05-09 17:14:25 ................................................... ~ 0s
  2025-05-09 17:14:30 ................................................... ~ 0s
  2025-05-09 17:14:36 ................................................... ~ 0s
  2025-05-09 17:14:40 ................................................... ~ 0s
  2025-05-09 17:14:45 ................................................... ~ 0s
  2025-05-09 17:14:51 ................................................... ~ 0s
  2025-05-09 17:14:55 ................................................... ~ 0s
  2025-05-09 17:15:00 ................................................... ~ 0s
  2025-05-09 17:15:05 ................................................... ~ 1s
  2025-05-09 17:15:15 ................................................... ~ 0s
  2025-05-09 17:15:20 ................................................... ~ 0s
  2025-05-09 17:15:26 ................................................... ~ 0s
  2025-05-09 17:15:30 ................................................... ~ 0s
  2025-05-09 17:15:31 ................................................... ~ 1s
  2025-05-09 17:15:35 ................................................... ~ 0s
  2025-05-09 17:15:41 ................................................... ~ 0s
  2025-05-09 17:15:45 ................................................... ~ 0s
  2025-05-09 17:15:50 ................................................... ~ 0s
  2025-05-09 17:15:56 ................................................... ~ 0s
  2025-05-09 17:16:00 ................................................... ~ 0s
  2025-05-09 17:16:00 ................................................... ~ 0s
  2025-05-09 17:16:00 ................................................... ~ 1s
  2025-05-09 17:16:00 ................................................... ~ 1s
  2025-05-09 17:16:00 ................................................... ~ 2s
  2025-05-09 17:16:02 ................................................... ~ 0s
  2025-05-09 17:16:02 ................................................... ~ 0s
  2025-05-09 17:16:02 ................................................... ~ 0s
  2025-05-09 17:16:02 /img/covers/ee492bb4ae5e8e2282f98d3b2cfde877c418fd67_thumb.webp  ~ 0s
  2025-05-09 17:16:02 ................................................... ~ 0s
  2025-05-09 17:16:02 /img/covers/a7622b8eca1e5fa86dd05085e0ffdf3ddbc7fa4b.webp  ~ 0s
  2025-05-09 17:16:02 ................................................... ~ 0s
  2025-05-09 17:16:02 /img/covers/ee492bb4ae5e8e2282f98d3b2cfde877c418fd67.webp  ~ 0s
  2025-05-09 17:16:02 ................................................... ~ 0s
  2025-05-09 17:16:02 /img/covers/ee492bb4ae5e8e2282f98d3b2cfde877c418fd67.webp  ~ 0s
  2025-05-09 17:16:02 /img/artists/f65ed4c2c2efbf3d536893491205a693c2401933.webp  ~ 0s
  2025-05-09 17:16:02 /img/covers/ee492bb4ae5e8e2282f98d3b2cfde877c418fd67.webp  ~ 0s
  2025-05-09 17:16:06 ................................................... ~ 0s
  2025-05-09 17:16:11 ................................................... ~ 0s
  2025-05-09 17:16:15 ................................................... ~ 0s
  2025-05-09 17:16:21 ................................................... ~ 0s
  2025-05-09 17:16:26 ................................................... ~ 0s
  2025-05-09 17:16:35 ................................................... ~ 0s
  2025-05-09 17:16:41 ................................................... ~ 0s
  2025-05-09 17:16:46 ................................................... ~ 0s
  2025-05-09 17:16:50 ................................................... ~ 0s
  2025-05-09 17:16:56 ................................................... ~ 0s
  2025-05-09 17:17:01 ................................................... ~ 0s
  2025-05-09 17:17:05 ................................................... ~ 0s
  2025-05-09 17:17:11 ................................................... ~ 0s
  2025-05-09 17:17:16 ................................................... ~ 0s
  2025-05-09 17:17:20 ................................................... ~ 0s
  2025-05-09 17:17:25 ................................................... ~ 1s
  2025-05-09 17:17:31 ................................................... ~ 0s
  2025-05-09 17:17:36 ................................................... ~ 0s
  2025-05-09 17:17:40 ................................................... ~ 1s
  2025-05-09 17:17:46 ................................................... ~ 0s
  2025-05-09 17:17:51 ................................................... ~ 0s
  2025-05-09 17:17:55 ................................................... ~ 0s
  2025-05-09 17:18:01 ................................................... ~ 0s
  2025-05-09 17:18:06 ................................................... ~ 0s
  2025-05-09 17:18:10 ................................................... ~ 0s
  2025-05-09 17:18:16 ................................................... ~ 0s
  2025-05-09 17:18:21 ................................................... ~ 0s
  2025-05-09 17:18:25 ................................................... ~ 0s
  2025-05-09 17:18:31 ................................................... ~ 0s
  2025-05-09 17:18:36 ................................................... ~ 0s
  2025-05-09 17:18:45 ................................................... ~ 0s
  2025-05-09 17:18:51 ................................................... ~ 0s
  2025-05-09 17:18:56 ................................................... ~ 0s
  2025-05-09 17:19:00 ................................................... ~ 1s
  2025-05-09 17:19:06 ................................................... ~ 0s
  2025-05-09 17:19:11 ................................................... ~ 0s
  2025-05-09 17:19:15 ................................................... ~ 0s
  2025-05-09 17:19:21 ................................................... ~ 0s
  2025-05-09 17:19:26 ................................................... ~ 0s
  2025-05-09 17:19:30 ................................................... ~ 0s
  2025-05-09 17:19:36 ................................................... ~ 0s
  2025-05-09 17:19:41 ................................................... ~ 0s
  2025-05-09 17:19:50 ................................................... ~ 0s
  2025-05-09 17:19:56 ................................................... ~ 0s
  2025-05-09 17:20:01 ................................................... ~ 0s
  2025-05-09 17:20:05 ................................................... ~ 0s
  2025-05-09 17:20:11 ................................................... ~ 0s
  2025-05-09 17:20:16 ................................................... ~ 0s
  2025-05-09 17:20:20 ................................................... ~ 0s
  2025-05-09 17:20:26 ................................................... ~ 0s
  2025-05-09 17:20:31 ................................................... ~ 0s
  2025-05-09 17:20:40 ................................................... ~ 1s
  2025-05-09 17:20:46 ................................................... ~ 0s
  2025-05-09 17:20:51 ................................................... ~ 0s
  2025-05-09 17:20:55 ................................................... ~ 0s
  2025-05-09 17:21:01 ................................................... ~ 0s
  2025-05-09 17:21:06 ................................................... ~ 0s
  2025-05-09 17:21:10 ................................................... ~ 0s
  2025-05-09 17:21:16 ................................................... ~ 0s
  2025-05-09 17:21:21 ................................................... ~ 0s
  2025-05-09 17:21:30 ................................................... ~ 0s
  2025-05-09 17:21:36 ................................................... ~ 0s
  2025-05-09 17:21:41 ................................................... ~ 0s
  2025-05-09 17:21:45 ................................................... ~ 1s
  2025-05-09 17:21:51 ................................................... ~ 0s
  2025-05-09 17:21:56 ................................................... ~ 0s
  2025-05-09 17:22:00 ................................................... ~ 0s
  2025-05-09 17:22:06 ................................................... ~ 0s
  2025-05-09 17:22:11 ................................................... ~ 0s
  2025-05-09 17:22:20 ................................................... ~ 0s
  2025-05-09 17:22:26 ................................................... ~ 0s
  2025-05-09 17:22:31 ................................................... ~ 0s
  2025-05-09 17:22:35 ................................................... ~ 0s
  2025-05-09 17:22:41 ................................................... ~ 0s
  2025-05-09 17:22:46 ................................................... ~ 0s
  2025-05-09 17:22:50 ................................................... ~ 0s
  2025-05-09 17:22:56 ................................................... ~ 0s
  2025-05-09 17:23:01 ................................................... ~ 0s
  2025-05-09 17:23:05 ................................................... ~ 0s
  2025-05-09 17:23:10 ................................................... ~ 1s
  2025-05-09 17:23:16 ................................................... ~ 0s
  2025-05-09 17:23:21 ................................................... ~ 0s
  2025-05-09 17:23:25 ................................................... ~ 1s
  2025-05-09 17:23:31 ................................................... ~ 0s
  2025-05-09 17:23:36 ................................................... ~ 0s
  2025-05-09 17:23:40 ................................................... ~ 0s
  2025-05-09 17:23:46 ................................................... ~ 0s
  2025-05-09 17:23:51 ................................................... ~ 0s
  2025-05-09 17:23:55 ................................................... ~ 0s
  2025-05-09 17:24:01 ................................................... ~ 0s
  2025-05-09 17:24:06 ................................................... ~ 0s
  2025-05-09 17:24:09 ................................................... ~ 1s
  2025-05-09 17:24:10 ................................................... ~ 0s
  2025-05-09 17:24:16 ................................................... ~ 0s
  2025-05-09 17:24:21 ................................................... ~ 0s
  2025-05-09 17:24:26 ................................................... ~ 0s
  2025-05-09 17:24:30 ................................................... ~ 0s
  2025-05-09 17:24:36 ................................................... ~ 0s
  2025-05-09 17:24:39 ................................................... ~ 0s
  2025-05-09 17:24:39 ................................................... ~ 0s
  2025-05-09 17:24:39 ................................................... ~ 0s
  2025-05-09 17:24:39 ................................................... ~ 0s
  2025-05-09 17:24:39 ................................................... ~ 1s
  2025-05-09 17:24:39 ................................................... ~ 1s
  2025-05-09 17:24:40 ................................................... ~ 0s
  2025-05-09 17:24:40 ................................................... ~ 0s
  2025-05-09 17:24:40 /img/covers/885769caec3427db9358f21437dd69137e6833f7_thumb.webp  ~ 0s
  2025-05-09 17:24:40 ................................................... ~ 0s
  2025-05-09 17:24:40 /img/covers/ee492bb4ae5e8e2282f98d3b2cfde877c418fd67.webp  ~ 0s
  2025-05-09 17:24:40 ................................................... ~ 0s
  2025-05-09 17:24:40 /img/covers/885769caec3427db9358f21437dd69137e6833f7.webp  ~ 0s
  2025-05-09 17:24:40 ................................................... ~ 0s
  2025-05-09 17:24:40 /img/covers/ee492bb4ae5e8e2282f98d3b2cfde877c418fd67.webp  ~ 0s
  2025-05-09 17:24:40 /img/covers/885769caec3427db9358f21437dd69137e6833f7.webp  ~ 0s

   INFO  Server running on [http://100.94.150.11:3883].  

  Press Ctrl+C to stop the server

  2025-06-01 18:37:34 ................................................... ~ 1s
  2025-06-01 18:37:35 /build/assets/userStore-CkW9hTsr.css .............. ~ 0s
  2025-06-01 18:37:35 /build/assets/Btn-2hiIT76k.js ..................... ~ 0s
  2025-06-01 18:37:35 /build/assets/app-C6XWISUx.css .................... ~ 0s
  2025-06-01 18:37:35 /build/assets/common-Qp7bRr50.js .................. ~ 0s
  2025-06-01 18:37:35 /build/assets/app-C6PA9St1.js ..................... ~ 0s
  2025-06-01 18:37:35 /build/assets/index-BxZF-i-k.js ................... ~ 0s
  2025-06-01 18:37:35 /build/assets/index-BBRRzm9T.js ................... ~ 0s
  2025-06-01 18:37:35 /build/assets/userStore-DI58VgZ6.js ............... ~ 3s
  2025-06-01 18:37:39 /build/assets/LoginForm-CwYSypqF.css .............. ~ 0s
  2025-06-01 18:37:39 /build/assets/SoundBars-BQEuboqd.js ............... ~ 0s
  2025-06-01 18:37:39 /build/assets/LoginForm-Bpp0Ro1p.js ............... ~ 0s
  2025-06-01 18:37:39 /build/assets/logo-DCyVV1bg.js .................... ~ 0s
  2025-06-01 18:37:39 /build/assets/PasswordField.vue_vue_type_script_setup_true_lang-Bm6xCQKi.js  ~ 0s
  2025-06-01 18:37:39 /build/assets/TextInput.vue_vue_type_script_setup_true_lang-Cn7Fe5WG.js  ~ 0s
  2025-06-01 18:37:39 /build/assets/FormRow.vue_vue_type_script_setup_true_lang-jRw1p4cD.js  ~ 0s
  2025-06-01 18:37:39 /build/assets/google-KJUKpri4.js .................. ~ 0s
  2025-06-01 18:37:39 /img/icon.png ..................................... ~ 0s
  2025-06-01 18:37:39 /img/icon.png ..................................... ~ 0s
  2025-06-01 18:37:39 /build/assets/logo-DALkdNKy.svg ................... ~ 0s
  2025-06-01 18:37:58 ................................................... ~ 0s
  2025-06-01 18:37:58 ................................................... ~ 1s
  2025-06-01 18:37:59 /build/assets/SupportKoel-B8o4p67c.css ............ ~ 0s
  2025-06-01 18:37:59 /build/assets/DropZone-BaTbPh3E.css ............... ~ 0s
  2025-06-01 18:37:59 /build/assets/HotkeyListener-D57tiidL.js .......... ~ 0s
  2025-06-01 18:37:59 /build/assets/usePlaylistManagement-BYa-nJNx.js ... ~ 0s
  2025-06-01 18:37:59 /build/assets/downloadService-C6bGKWwx.js ......... ~ 0s
  2025-06-01 18:37:59 /build/assets/index-BLykBCM5.js ................... ~ 0s
  2025-06-01 18:37:59 /build/assets/SupportKoel-C4F_pd03.js ............. ~ 0s
  2025-06-01 18:37:59 /build/assets/PlayableContextMenu-Bp3VUEIq.js ..... ~ 0s
  2025-06-01 18:37:59 /build/assets/index-CntmbcP7.css .................. ~ 1s
  2025-06-01 18:37:59 /build/assets/index-B5iXzyce.js ................... ~ 1s
  2025-06-01 18:38:00 /build/assets/useContextMenu-DHDXOUm6.js .......... ~ 0s
  2025-06-01 18:38:00 /build/assets/AlbumContextMenu-C18nYWXx.js ........ ~ 0s
  2025-06-01 18:38:00 /build/assets/ArtistContextMenu-B4yYKnpo.js ....... ~ 0s
  2025-06-01 18:38:00 /build/assets/PlaylistContextMenu-BmySgIZF.js ..... ~ 0s
  2025-06-01 18:38:00 /build/assets/PlaylistFolderContextMenu-BADF25sH.js  ~ 0s
  2025-06-01 18:38:00 /build/assets/CreatePlaylistContextMenu-3_O_FRX9.js  ~ 0s
  2025-06-01 18:38:00 /build/assets/DropZone-DFdhAqw_.js ................ ~ 0s
  2025-06-01 18:38:01 /build/assets/YouTubeScreen-BJKp6R3x.css .......... ~ 0s
  2025-06-01 18:38:01 /build/assets/LyricsPane-CO7GfBl3.css ............. ~ 0s
  2025-06-01 18:38:01 /build/assets/app-C6XWISUx.css .................... ~ 0s
  2025-06-01 18:38:01 /build/assets/ModalWrapper-Dt0yCcro.css ........... ~ 0s
  2025-06-01 18:38:01 /build/assets/AlbumArtOverlay-DiDZaPF7.js ......... ~ 0s
  2025-06-01 18:38:02 /build/assets/SongListFilter-BygjLzmd.js .......... ~ 0s
  2025-06-01 18:38:02 /build/assets/ScreenHeaderSkeleton-BPPtSZSV.js .... ~ 0s
  2025-06-01 18:38:02 /build/assets/YouTubeScreen-CH4O49Ez.js ........... ~ 0s
  2025-06-01 18:38:02 /build/assets/GenreScreen-C0rScVC_.js ............. ~ 0s
  2025-06-01 18:38:03 /build/assets/ExtraDrawerTabHeader-0NlckgHD.js .... ~ 0s
  2025-06-01 18:38:03 /build/assets/LyricsPane-D_8fqJ9t.js .............. ~ 0s
  2025-06-01 18:38:03 /build/assets/YouTubeVideoList-CEhLz4JF.js ........ ~ 0s
  2025-06-01 18:38:03 /build/assets/ModalWrapper-BaLW0QxY.js ............ ~ 0s
  2025-06-01 18:38:03 ................................................... ~ 0s
  2025-06-01 18:38:03 ................................................... ~ 0s
  2025-06-01 18:38:04 ................................................... ~ 0s
  2025-06-01 18:38:04 ................................................... ~ 1s
  2025-06-01 18:38:05 /build/assets/ArtistInfo-CCtItjzZ.js .............. ~ 0s
  2025-06-01 18:38:00 /build/assets/bg-pines-QA409wW1.jpg ............... ~ 6s
  2025-06-01 18:38:06 ................................................... ~ 0s
  2025-06-01 18:38:06 /build/assets/ExpandableContentBlock.vue_vue_type_script_setup_true_lang-DjEn_-8g.js  ~ 0s
  2025-06-01 18:38:06 /build/assets/YouTubeVideoItem-DoIGgmTI.css ....... ~ 0s
  2025-06-01 18:38:06 /img/covers/3d4dead3773691546ae7aa165ee500565750696f.webp  ~ 1s
  2025-06-01 18:38:07 /img/covers/3451de9102a4016a422126678f74920ad84e988a.webp  ~ 0s
  2025-06-01 18:38:07 /img/covers/a7622b8eca1e5fa86dd05085e0ffdf3ddbc7fa4b.webp  ~ 0s
  2025-06-01 18:38:07 /img/covers/885769caec3427db9358f21437dd69137e6833f7.webp  ~ 0s
  2025-06-01 18:38:07 /img/covers/8f1618c0317e6daf58088c75872a771b88987434.webp  ~ 0s
  2025-06-01 18:38:07 /build/assets/Magnifier-CowEqWvq.css .............. ~ 0s
  2025-06-01 18:38:07 /img/covers/084b3cb0ce7329d4051f833ee03f46c0d4508308.webp  ~ 0s
  2025-06-01 18:38:07 /build/assets/default-CxrI6z8D.svg ................ ~ 0s
  2025-06-01 18:38:07 /img/covers/1d99ec3dab75be402c5bd644905f14109209af23.webp  ~ 1s
  2025-06-01 18:38:07 /img/covers/ee492bb4ae5e8e2282f98d3b2cfde877c418fd67.webp  ~ 1s
  2025-06-01 18:38:08 /img/covers/7475265bc9b7e4219fcf53c00bb85e6a15fc3350.webp  ~ 0s
  2025-06-01 18:38:07 /img/covers/b3406fcbe8de4de91e97c994283ad2dc3dce3373.webp  ~ 1s
  2025-06-01 18:38:08 /img/covers/6fcdbe8c23b511ef28534d4a698bacf35ec5ae07.webp  ~ 1s
  2025-06-01 18:38:09 /img/covers/885769caec3427db9358f21437dd69137e6833f7_thumb.webp  ~ 0s
  2025-06-01 18:38:08 /img/covers/d10ea08ec2f7af7e1f1755ea069c255dda16960f.webp  ~ 1s
  2025-06-01 18:38:08 /img/covers/233c04e8942e4ce6761578be0b2ef47b56e70bb7.webp  ~ 1s
  2025-06-01 18:38:08 /img/covers/73e458969335269340eb253d50e5aa5026bfaf2b.webp  ~ 1s
  2025-06-01 18:38:09 /img/artists/23e9b34473e2d38fc27e31183dd1ed553e748baa.webp  ~ 0s
  2025-06-01 18:38:09 /img/covers/900f071926495337adb78a71db5dd237a7c864e5.webp  ~ 0s
  2025-06-01 18:38:09 /img/covers/22e09cfe9eaaffaee91ccc697399955b6cdaf5bd.webp  ~ 0s
  2025-06-01 18:38:09 /img/covers/634104b6cd615071f1fabb571899bb078ccaeb77.webp  ~ 1s
  2025-06-01 18:38:09 /img/covers/fe26ee9a2b9b9336b9d6877a1e66bac47c3f80de.webp  ~ 1s
  2025-06-01 18:38:10 /img/artists/507b9239e6fb81de348830bc07a7a2bd4a8ed870.webp  ~ 0s
  2025-06-01 18:38:10 /img/covers/3a057c2a2f62f22ed2c096ff9ddbd965da6b583b.webp  ~ 2s
  2025-06-01 18:38:09 /img/covers/b19fa4b385808f7b86e1964b3d8efa11d8c18768.webp  ~ 3s
  2025-06-01 18:38:12 /build/assets/YouTubeVideoItem-CqeC3Ogv.js ........ ~ 1s
  2025-06-01 18:38:13 ................................................... ~ 0s
  2025-06-01 18:38:09 /img/covers/c635743fe899220a36d03202d8dd7e1e0c424ae5.webp  ~ 4s
  2025-06-01 18:38:13 /build/assets/AlbumInfo-B1E33D0c.js ............... ~ 0s
  2025-06-01 18:38:12 /img/covers/34dce596eb8056db2f328fbe5ecabeda14ced790.webp  ~ 1s
  2025-06-01 18:38:13 /build/assets/Magnifier-BwUtvg67.js ............... ~ 0s
  2025-06-01 18:38:10 /img/covers/55641a76aa88dfb5cec37b6683c91c8c6e94159d.webp  ~ 3s
  2025-06-01 18:38:13 ................................................... ~ 0s
  2025-06-01 18:38:13 /img/artists/b8eaed2f4b34d7b94462769d15c139a85be850d1.webp  ~ 0s
  2025-06-01 18:38:13 /img/artists/aa0fa8445cf41d38115975415e00fa536d259a77.webp  ~ 1s
  2025-06-01 18:38:13 /img/artists/f65ed4c2c2efbf3d536893491205a693c2401933.webp  ~ 1s
  2025-06-01 18:38:13 /img/artists/9072bedfe00bbdeae5995224c207a4a70c2967bb.webp  ~ 1s
