[2025-05-13 17:26:45]  INFO                pyload  *** Welcome to pyLoad 0.5.0 ***
[2025-05-13 17:26:46]  DEBUG               pyload  Indexing plugins...
[2025-05-13 17:26:47]  INFO                pyload  Activated addons: ClickNLoad, ExternalScripts, TORRENT, UnSkipOnFail, UserAgentSwitcher
[2025-05-13 17:26:47]  INFO                pyload  Deactivate addons: AndroidPhoneNotify, AntiCaptcha, AntiStandby, AntiVirus, AppriseNotify, BypassCaptcha, Captcha9Kw, Checksum, CloudFlareDdos, DeathByCaptcha, DeleteFinished, DiscordNotifier, DownloadScheduler, ExpertDecoders, ExtractArchive, HotFolder, IRC, ImageTyperz, JustPremium, LinkFilter, LogMarker, MergeFiles, MultiHome, PushBullet, PushOver, RestartFailed, SkipRev, TransmissionRPC, UpdateManager, WindowsPhoneNotify, XFileSharing, XMPP
[2025-05-13 17:26:47]  DEBUG               pyload  Starting core...
[2025-05-13 17:26:47]  DEBUG               pyload  Debug level: TRACE
[2025-05-13 17:26:47]  DEBUG               pyload  Setup language...
[2025-05-13 17:26:47]  DEBUG               pyload  Setup permissions...
[2025-05-13 17:26:47]  INFO                pyload  User directory: /home/divansh/.pyload
[2025-05-13 17:26:47]  INFO                pyload  Cache directory: /tmp/pyLoad
[2025-05-13 17:26:47]  INFO                pyload  Storage directory: /home/divansh/Downloads/pyLoad
[2025-05-13 17:26:47]  INFO                pyload  Storage free space: 243.27 GiB
[2025-05-13 17:26:47]  DEBUG               pyload  Setup network...
[2025-05-13 17:26:47]  INFO                pyload  Activating accounts...
[2025-05-13 17:26:47]  INFO                pyload  Activating plugins...
[2025-05-13 17:26:47]  DEBUG               pyload  ADDON ExternalScripts: No script found under folder `pyload_start`
[2025-05-13 17:26:47]  WARNING             pyload  ADDON TORRENT: torrents / magnets are not associated with any plugin
[2025-05-13 17:26:47]  INFO          pyload.webui  Starting webserver: http://0.0.0.0:8749
[2025-05-13 17:26:47]  DEBUG               pyload  *** pyLoad is up and running ***
[2025-05-13 17:26:52]  DEBUG               pyload  ADDON ClickNLoad: Backend found on http://127.0.0.1:8749
[2025-05-13 17:26:52]  INFO                pyload  ADDON ClickNLoad: Proxy listening on 0.0.0.0:9666
/home/divansh/pyload/start.sh: line 2: 3334819 Killed                  pyload
